<?xml version="1.0" encoding="UTF-8"?>
<testsuite xmlns:xsi="http://www.w3.org/2001/XMLSchema-instance" xsi:noNamespaceSchemaLocation="https://maven.apache.org/surefire/maven-surefire-plugin/xsd/surefire-test-report-3.0.xsd" version="3.0" name="Show all graduates" time="12.928" tests="1" errors="0" skipped="0" failures="0">
  <properties>
    <property name="sun.desktop" value="windows"/>
    <property name="awt.toolkit" value="sun.awt.windows.WToolkit"/>
    <property name="java.specification.version" value="11"/>
    <property name="webdriver.chrome.driver" value="C:\Users\zver2\.cache\selenium\chromedriver\win32\110.0.5481.77\chromedriver.exe"/>
    <property name="sun.cpu.isalist" value="amd64"/>
    <property name="sun.jnu.encoding" value="Cp1251"/>
    <property name="java.class.path" value="C:\Users\zver2\IdeaProjects\BookIT\target\test-classes;C:\Users\zver2\IdeaProjects\BookIT\target\classes;C:\Users\zver2\.m2\repository\org\seleniumhq\selenium\selenium-java\4.8.0\selenium-java-4.8.0.jar;C:\Users\zver2\.m2\repository\org\seleniumhq\selenium\selenium-api\4.8.0\selenium-api-4.8.0.jar;C:\Users\zver2\.m2\repository\org\seleniumhq\selenium\selenium-chrome-driver\4.8.0\selenium-chrome-driver-4.8.0.jar;C:\Users\zver2\.m2\repository\com\google\auto\service\auto-service-annotations\1.0.1\auto-service-annotations-1.0.1.jar;C:\Users\zver2\.m2\repository\com\google\auto\service\auto-service\1.0.1\auto-service-1.0.1.jar;C:\Users\zver2\.m2\repository\com\google\auto\auto-common\1.2\auto-common-1.2.jar;C:\Users\zver2\.m2\repository\com\google\guava\guava\31.1-jre\guava-31.1-jre.jar;C:\Users\zver2\.m2\repository\com\google\guava\failureaccess\1.0.1\failureaccess-1.0.1.jar;C:\Users\zver2\.m2\repository\com\google\guava\listenablefuture\9999.0-empty-to-avoid-conflict-with-guava\listenablefuture-9999.0-empty-to-avoid-conflict-with-guava.jar;C:\Users\zver2\.m2\repository\com\google\errorprone\error_prone_annotations\2.11.0\error_prone_annotations-2.11.0.jar;C:\Users\zver2\.m2\repository\com\google\j2objc\j2objc-annotations\1.3\j2objc-annotations-1.3.jar;C:\Users\zver2\.m2\repository\org\seleniumhq\selenium\selenium-chromium-driver\4.8.0\selenium-chromium-driver-4.8.0.jar;C:\Users\zver2\.m2\repository\org\seleniumhq\selenium\selenium-json\4.8.0\selenium-json-4.8.0.jar;C:\Users\zver2\.m2\repository\org\seleniumhq\selenium\selenium-devtools-v107\4.8.0\selenium-devtools-v107-4.8.0.jar;C:\Users\zver2\.m2\repository\org\seleniumhq\selenium\selenium-devtools-v108\4.8.0\selenium-devtools-v108-4.8.0.jar;C:\Users\zver2\.m2\repository\org\seleniumhq\selenium\selenium-devtools-v109\4.8.0\selenium-devtools-v109-4.8.0.jar;C:\Users\zver2\.m2\repository\org\seleniumhq\selenium\selenium-devtools-v85\4.8.0\selenium-devtools-v85-4.8.0.jar;C:\Users\zver2\.m2\repository\org\seleniumhq\selenium\selenium-edge-driver\4.8.0\selenium-edge-driver-4.8.0.jar;C:\Users\zver2\.m2\repository\org\seleniumhq\selenium\selenium-firefox-driver\4.8.0\selenium-firefox-driver-4.8.0.jar;C:\Users\zver2\.m2\repository\org\seleniumhq\selenium\selenium-http\4.8.0\selenium-http-4.8.0.jar;C:\Users\zver2\.m2\repository\dev\failsafe\failsafe\3.3.0\failsafe-3.3.0.jar;C:\Users\zver2\.m2\repository\org\seleniumhq\selenium\selenium-ie-driver\4.8.0\selenium-ie-driver-4.8.0.jar;C:\Users\zver2\.m2\repository\org\seleniumhq\selenium\selenium-remote-driver\4.8.0\selenium-remote-driver-4.8.0.jar;C:\Users\zver2\.m2\repository\com\beust\jcommander\1.82\jcommander-1.82.jar;C:\Users\zver2\.m2\repository\io\netty\netty-buffer\4.1.87.Final\netty-buffer-4.1.87.Final.jar;C:\Users\zver2\.m2\repository\io\netty\netty-codec-http\4.1.87.Final\netty-codec-http-4.1.87.Final.jar;C:\Users\zver2\.m2\repository\io\netty\netty-codec\4.1.87.Final\netty-codec-4.1.87.Final.jar;C:\Users\zver2\.m2\repository\io\netty\netty-handler\4.1.87.Final\netty-handler-4.1.87.Final.jar;C:\Users\zver2\.m2\repository\io\netty\netty-common\4.1.87.Final\netty-common-4.1.87.Final.jar;C:\Users\zver2\.m2\repository\io\netty\netty-transport-classes-epoll\4.1.87.Final\netty-transport-classes-epoll-4.1.87.Final.jar;C:\Users\zver2\.m2\repository\io\netty\netty-transport-classes-kqueue\4.1.87.Final\netty-transport-classes-kqueue-4.1.87.Final.jar;C:\Users\zver2\.m2\repository\io\netty\netty-transport-native-epoll\4.1.87.Final\netty-transport-native-epoll-4.1.87.Final.jar;C:\Users\zver2\.m2\repository\io\netty\netty-transport-native-kqueue\4.1.87.Final\netty-transport-native-kqueue-4.1.87.Final.jar;C:\Users\zver2\.m2\repository\io\netty\netty-transport-native-unix-common\4.1.87.Final\netty-transport-native-unix-common-4.1.87.Final.jar;C:\Users\zver2\.m2\repository\io\netty\netty-transport\4.1.87.Final\netty-transport-4.1.87.Final.jar;C:\Users\zver2\.m2\repository\io\netty\netty-resolver\4.1.87.Final\netty-resolver-4.1.87.Final.jar;C:\Users\zver2\.m2\repository\io\opentelemetry\opentelemetry-api\1.22.0\opentelemetry-api-1.22.0.jar;C:\Users\zver2\.m2\repository\io\opentelemetry\opentelemetry-context\1.22.0\opentelemetry-context-1.22.0.jar;C:\Users\zver2\.m2\repository\io\opentelemetry\opentelemetry-exporter-logging\1.22.0\opentelemetry-exporter-logging-1.22.0.jar;C:\Users\zver2\.m2\repository\io\opentelemetry\opentelemetry-sdk-metrics\1.22.0\opentelemetry-sdk-metrics-1.22.0.jar;C:\Users\zver2\.m2\repository\io\opentelemetry\opentelemetry-sdk-logs\1.22.0-alpha\opentelemetry-sdk-logs-1.22.0-alpha.jar;C:\Users\zver2\.m2\repository\io\opentelemetry\opentelemetry-api-logs\1.22.0-alpha\opentelemetry-api-logs-1.22.0-alpha.jar;C:\Users\zver2\.m2\repository\io\opentelemetry\opentelemetry-sdk-common\1.22.0\opentelemetry-sdk-common-1.22.0.jar;C:\Users\zver2\.m2\repository\io\opentelemetry\opentelemetry-sdk-extension-autoconfigure-spi\1.22.0\opentelemetry-sdk-extension-autoconfigure-spi-1.22.0.jar;C:\Users\zver2\.m2\repository\io\opentelemetry\opentelemetry-sdk-extension-autoconfigure\1.22.0-alpha\opentelemetry-sdk-extension-autoconfigure-1.22.0-alpha.jar;C:\Users\zver2\.m2\repository\io\opentelemetry\opentelemetry-sdk-trace\1.22.0\opentelemetry-sdk-trace-1.22.0.jar;C:\Users\zver2\.m2\repository\io\opentelemetry\opentelemetry-sdk\1.22.0\opentelemetry-sdk-1.22.0.jar;C:\Users\zver2\.m2\repository\io\opentelemetry\opentelemetry-semconv\1.22.0-alpha\opentelemetry-semconv-1.22.0-alpha.jar;C:\Users\zver2\.m2\repository\io\ous\jtoml\2.0.0\jtoml-2.0.0.jar;C:\Users\zver2\.m2\repository\net\bytebuddy\byte-buddy\1.12.22\byte-buddy-1.12.22.jar;C:\Users\zver2\.m2\repository\org\apache\commons\commons-exec\1.3\commons-exec-1.3.jar;C:\Users\zver2\.m2\repository\org\asynchttpclient\async-http-client\2.12.3\async-http-client-2.12.3.jar;C:\Users\zver2\.m2\repository\org\asynchttpclient\async-http-client-netty-utils\2.12.3\async-http-client-netty-utils-2.12.3.jar;C:\Users\zver2\.m2\repository\io\netty\netty-codec-socks\4.1.60.Final\netty-codec-socks-4.1.60.Final.jar;C:\Users\zver2\.m2\repository\io\netty\netty-handler-proxy\4.1.60.Final\netty-handler-proxy-4.1.60.Final.jar;C:\Users\zver2\.m2\repository\io\netty\netty-transport-native-epoll\4.1.60.Final\netty-transport-native-epoll-4.1.60.Final-linux-x86_64.jar;C:\Users\zver2\.m2\repository\io\netty\netty-transport-native-kqueue\4.1.60.Final\netty-transport-native-kqueue-4.1.60.Final-osx-x86_64.jar;C:\Users\zver2\.m2\repository\org\reactivestreams\reactive-streams\1.0.3\reactive-streams-1.0.3.jar;C:\Users\zver2\.m2\repository\com\typesafe\netty\netty-reactive-streams\2.0.4\netty-reactive-streams-2.0.4.jar;C:\Users\zver2\.m2\repository\com\sun\activation\jakarta.activation\1.2.2\jakarta.activation-1.2.2.jar;C:\Users\zver2\.m2\repository\org\seleniumhq\selenium\selenium-manager\4.8.0\selenium-manager-4.8.0.jar;C:\Users\zver2\.m2\repository\org\seleniumhq\selenium\selenium-safari-driver\4.8.0\selenium-safari-driver-4.8.0.jar;C:\Users\zver2\.m2\repository\org\seleniumhq\selenium\selenium-support\4.8.0\selenium-support-4.8.0.jar;C:\Users\zver2\.m2\repository\io\github\bonigarcia\webdrivermanager\5.3.1\webdrivermanager-5.3.1.jar;C:\Users\zver2\.m2\repository\org\slf4j\slf4j-api\2.0.3\slf4j-api-2.0.3.jar;C:\Users\zver2\.m2\repository\com\google\code\gson\gson\2.10\gson-2.10.jar;C:\Users\zver2\.m2\repository\com\github\docker-java\docker-java\3.2.13\docker-java-3.2.13.jar;C:\Users\zver2\.m2\repository\com\github\docker-java\docker-java-core\3.2.13\docker-java-core-3.2.13.jar;C:\Users\zver2\.m2\repository\com\github\docker-java\docker-java-api\3.2.13\docker-java-api-3.2.13.jar;C:\Users\zver2\.m2\repository\org\apache\commons\commons-compress\1.21\commons-compress-1.21.jar;C:\Users\zver2\.m2\repository\org\bouncycastle\bcpkix-jdk15on\1.64\bcpkix-jdk15on-1.64.jar;C:\Users\zver2\.m2\repository\org\bouncycastle\bcprov-jdk15on\1.64\bcprov-jdk15on-1.64.jar;C:\Users\zver2\.m2\repository\org\slf4j\jcl-over-slf4j\1.7.30\jcl-over-slf4j-1.7.30.jar;C:\Users\zver2\.m2\repository\com\github\docker-java\docker-java-transport-httpclient5\3.2.13\docker-java-transport-httpclient5-3.2.13.jar;C:\Users\zver2\.m2\repository\com\github\docker-java\docker-java-transport\3.2.13\docker-java-transport-3.2.13.jar;C:\Users\zver2\.m2\repository\net\java\dev\jna\jna\5.8.0\jna-5.8.0.jar;C:\Users\zver2\.m2\repository\org\brotli\dec\0.1.2\dec-0.1.2.jar;C:\Users\zver2\.m2\repository\org\apache\commons\commons-lang3\3.12.0\commons-lang3-3.12.0.jar;C:\Users\zver2\.m2\repository\org\apache\httpcomponents\client5\httpclient5\5.1.3\httpclient5-5.1.3.jar;C:\Users\zver2\.m2\repository\org\apache\httpcomponents\core5\httpcore5\5.1.3\httpcore5-5.1.3.jar;C:\Users\zver2\.m2\repository\org\apache\httpcomponents\core5\httpcore5-h2\5.1.3\httpcore5-h2-5.1.3.jar;C:\Users\zver2\.m2\repository\io\cucumber\cucumber-java\7.11.1\cucumber-java-7.11.1.jar;C:\Users\zver2\.m2\repository\io\cucumber\cucumber-core\7.11.1\cucumber-core-7.11.1.jar;C:\Users\zver2\.m2\repository\io\cucumber\cucumber-gherkin\7.11.1\cucumber-gherkin-7.11.1.jar;C:\Users\zver2\.m2\repository\io\cucumber\cucumber-gherkin-messages\7.11.1\cucumber-gherkin-messages-7.11.1.jar;C:\Users\zver2\.m2\repository\io\cucumber\gherkin\26.0.3\gherkin-26.0.3.jar;C:\Users\zver2\.m2\repository\io\cucumber\messages\21.0.1\messages-21.0.1.jar;C:\Users\zver2\.m2\repository\io\cucumber\tag-expressions\5.0.1\tag-expressions-5.0.1.jar;C:\Users\zver2\.m2\repository\io\cucumber\cucumber-expressions\16.1.2\cucumber-expressions-16.1.2.jar;C:\Users\zver2\.m2\repository\io\cucumber\datatable\7.11.1\datatable-7.11.1.jar;C:\Users\zver2\.m2\repository\io\cucumber\cucumber-plugin\7.11.1\cucumber-plugin-7.11.1.jar;C:\Users\zver2\.m2\repository\io\cucumber\docstring\7.11.1\docstring-7.11.1.jar;C:\Users\zver2\.m2\repository\io\cucumber\html-formatter\20.2.1\html-formatter-20.2.1.jar;C:\Users\zver2\.m2\repository\io\cucumber\junit-xml-formatter\0.1.0\junit-xml-formatter-0.1.0.jar;C:\Users\zver2\.m2\repository\io\cucumber\ci-environment\9.1.0\ci-environment-9.1.0.jar;C:\Users\zver2\.m2\repository\org\apiguardian\apiguardian-api\1.1.2\apiguardian-api-1.1.2.jar;C:\Users\zver2\.m2\repository\io\cucumber\cucumber-junit\7.11.1\cucumber-junit-7.11.1.jar;C:\Users\zver2\.m2\repository\io\cucumber\cucumber-picocontainer\7.11.1\cucumber-picocontainer-7.11.1.jar;C:\Users\zver2\.m2\repository\org\picocontainer\picocontainer\2.15\picocontainer-2.15.jar;C:\Users\zver2\.m2\repository\junit\junit\4.13.2\junit-4.13.2.jar;C:\Users\zver2\.m2\repository\org\hamcrest\hamcrest-core\1.3\hamcrest-core-1.3.jar;C:\Users\zver2\.m2\repository\com\fasterxml\jackson\core\jackson-databind\2.14.2\jackson-databind-2.14.2.jar;C:\Users\zver2\.m2\repository\com\fasterxml\jackson\core\jackson-annotations\2.14.2\jackson-annotations-2.14.2.jar;C:\Users\zver2\.m2\repository\com\fasterxml\jackson\core\jackson-core\2.14.2\jackson-core-2.14.2.jar;C:\Users\zver2\.m2\repository\org\apache\poi\poi\5.2.3\poi-5.2.3.jar;C:\Users\zver2\.m2\repository\commons-codec\commons-codec\1.15\commons-codec-1.15.jar;C:\Users\zver2\.m2\repository\org\apache\commons\commons-collections4\4.4\commons-collections4-4.4.jar;C:\Users\zver2\.m2\repository\org\apache\commons\commons-math3\3.6.1\commons-math3-3.6.1.jar;C:\Users\zver2\.m2\repository\commons-io\commons-io\2.11.0\commons-io-2.11.0.jar;C:\Users\zver2\.m2\repository\com\zaxxer\SparseBitSet\1.2\SparseBitSet-1.2.jar;C:\Users\zver2\.m2\repository\org\apache\logging\log4j\log4j-api\2.18.0\log4j-api-2.18.0.jar;C:\Users\zver2\.m2\repository\org\apache\logging\log4j\log4j-core\2.19.0\log4j-core-2.19.0.jar;C:\Users\zver2\.m2\repository\log4j\log4j\1.2.17\log4j-1.2.17.jar;C:\Users\zver2\.m2\repository\io\rest-assured\json-schema-validator\5.3.0\json-schema-validator-5.3.0.jar;C:\Users\zver2\.m2\repository\com\github\java-json-tools\json-schema-validator\2.2.14\json-schema-validator-2.2.14.jar;C:\Users\zver2\.m2\repository\com\github\java-json-tools\jackson-coreutils-equivalence\1.0\jackson-coreutils-equivalence-1.0.jar;C:\Users\zver2\.m2\repository\com\github\java-json-tools\jackson-coreutils\2.0\jackson-coreutils-2.0.jar;C:\Users\zver2\.m2\repository\com\github\java-json-tools\msg-simple\1.2\msg-simple-1.2.jar;C:\Users\zver2\.m2\repository\com\github\java-json-tools\btf\1.3\btf-1.3.jar;C:\Users\zver2\.m2\repository\com\github\java-json-tools\json-schema-core\1.2.14\json-schema-core-1.2.14.jar;C:\Users\zver2\.m2\repository\com\github\java-json-tools\uri-template\0.10\uri-template-0.10.jar;C:\Users\zver2\.m2\repository\org\mozilla\rhino\1.7.7.2\rhino-1.7.7.2.jar;C:\Users\zver2\.m2\repository\com\sun\mail\mailapi\1.6.2\mailapi-1.6.2.jar;C:\Users\zver2\.m2\repository\joda-time\joda-time\2.10.5\joda-time-2.10.5.jar;C:\Users\zver2\.m2\repository\com\googlecode\libphonenumber\libphonenumber\8.11.1\libphonenumber-8.11.1.jar;C:\Users\zver2\.m2\repository\com\google\code\findbugs\jsr305\3.0.2\jsr305-3.0.2.jar;C:\Users\zver2\.m2\repository\net\sf\jopt-simple\jopt-simple\5.0.4\jopt-simple-5.0.4.jar;C:\Users\zver2\.m2\repository\org\hamcrest\hamcrest\2.1\hamcrest-2.1.jar;C:\Users\zver2\.m2\repository\io\rest-assured\rest-assured\5.3.0\rest-assured-5.3.0.jar;C:\Users\zver2\.m2\repository\org\apache\groovy\groovy\4.0.6\groovy-4.0.6.jar;C:\Users\zver2\.m2\repository\org\apache\groovy\groovy-xml\4.0.6\groovy-xml-4.0.6.jar;C:\Users\zver2\.m2\repository\org\apache\httpcomponents\httpclient\4.5.13\httpclient-4.5.13.jar;C:\Users\zver2\.m2\repository\org\apache\httpcomponents\httpcore\4.4.13\httpcore-4.4.13.jar;C:\Users\zver2\.m2\repository\commons-logging\commons-logging\1.2\commons-logging-1.2.jar;C:\Users\zver2\.m2\repository\org\apache\httpcomponents\httpmime\4.5.13\httpmime-4.5.13.jar;C:\Users\zver2\.m2\repository\org\ccil\cowan\tagsoup\tagsoup\1.2.1\tagsoup-1.2.1.jar;C:\Users\zver2\.m2\repository\io\rest-assured\json-path\5.3.0\json-path-5.3.0.jar;C:\Users\zver2\.m2\repository\org\apache\groovy\groovy-json\4.0.6\groovy-json-4.0.6.jar;C:\Users\zver2\.m2\repository\io\rest-assured\rest-assured-common\5.3.0\rest-assured-common-5.3.0.jar;C:\Users\zver2\.m2\repository\io\rest-assured\xml-path\5.3.0\xml-path-5.3.0.jar;C:\Users\zver2\.m2\repository\org\projectlombok\lombok\1.18.26\lombok-1.18.26.jar;C:\Users\zver2\.m2\repository\org\postgresql\postgresql\42.5.4\postgresql-42.5.4.jar;C:\Users\zver2\.m2\repository\org\checkerframework\checker-qual\3.5.0\checker-qual-3.5.0.jar;"/>
    <property name="java.vm.vendor" value="Oracle Corporation"/>
    <property name="sun.arch.data.model" value="64"/>
    <property name="user.variant" value=""/>
    <property name="java.vendor.url" value="https://openjdk.java.net/"/>
    <property name="user.timezone" value="America/New_York"/>
    <property name="java.vm.specification.version" value="11"/>
    <property name="os.name" value="Windows 10"/>
    <property name="sun.java.launcher" value="SUN_STANDARD"/>
    <property name="user.country" value="US"/>
    <property name="sun.boot.library.path" value="C:\Program Files\Java\jdk-11.0.12\bin"/>
    <property name="sun.java.command" value="C:\Users\zver2\AppData\Local\Temp\surefire13605973392948533542\surefirebooter-20230305233456564_3.jar C:\Users\zver2\AppData\Local\Temp\surefire13605973392948533542 2023-03-05T23-34-55_839-jvmRun1 surefire-20230305233456564_1tmp surefire_0-20230305233456564_2tmp"/>
    <property name="jdk.debug" value="release"/>
    <property name="surefire.test.class.path" value="C:\Users\zver2\IdeaProjects\BookIT\target\test-classes;C:\Users\zver2\IdeaProjects\BookIT\target\classes;C:\Users\zver2\.m2\repository\org\seleniumhq\selenium\selenium-java\4.8.0\selenium-java-4.8.0.jar;C:\Users\zver2\.m2\repository\org\seleniumhq\selenium\selenium-api\4.8.0\selenium-api-4.8.0.jar;C:\Users\zver2\.m2\repository\org\seleniumhq\selenium\selenium-chrome-driver\4.8.0\selenium-chrome-driver-4.8.0.jar;C:\Users\zver2\.m2\repository\com\google\auto\service\auto-service-annotations\1.0.1\auto-service-annotations-1.0.1.jar;C:\Users\zver2\.m2\repository\com\google\auto\service\auto-service\1.0.1\auto-service-1.0.1.jar;C:\Users\zver2\.m2\repository\com\google\auto\auto-common\1.2\auto-common-1.2.jar;C:\Users\zver2\.m2\repository\com\google\guava\guava\31.1-jre\guava-31.1-jre.jar;C:\Users\zver2\.m2\repository\com\google\guava\failureaccess\1.0.1\failureaccess-1.0.1.jar;C:\Users\zver2\.m2\repository\com\google\guava\listenablefuture\9999.0-empty-to-avoid-conflict-with-guava\listenablefuture-9999.0-empty-to-avoid-conflict-with-guava.jar;C:\Users\zver2\.m2\repository\com\google\errorprone\error_prone_annotations\2.11.0\error_prone_annotations-2.11.0.jar;C:\Users\zver2\.m2\repository\com\google\j2objc\j2objc-annotations\1.3\j2objc-annotations-1.3.jar;C:\Users\zver2\.m2\repository\org\seleniumhq\selenium\selenium-chromium-driver\4.8.0\selenium-chromium-driver-4.8.0.jar;C:\Users\zver2\.m2\repository\org\seleniumhq\selenium\selenium-json\4.8.0\selenium-json-4.8.0.jar;C:\Users\zver2\.m2\repository\org\seleniumhq\selenium\selenium-devtools-v107\4.8.0\selenium-devtools-v107-4.8.0.jar;C:\Users\zver2\.m2\repository\org\seleniumhq\selenium\selenium-devtools-v108\4.8.0\selenium-devtools-v108-4.8.0.jar;C:\Users\zver2\.m2\repository\org\seleniumhq\selenium\selenium-devtools-v109\4.8.0\selenium-devtools-v109-4.8.0.jar;C:\Users\zver2\.m2\repository\org\seleniumhq\selenium\selenium-devtools-v85\4.8.0\selenium-devtools-v85-4.8.0.jar;C:\Users\zver2\.m2\repository\org\seleniumhq\selenium\selenium-edge-driver\4.8.0\selenium-edge-driver-4.8.0.jar;C:\Users\zver2\.m2\repository\org\seleniumhq\selenium\selenium-firefox-driver\4.8.0\selenium-firefox-driver-4.8.0.jar;C:\Users\zver2\.m2\repository\org\seleniumhq\selenium\selenium-http\4.8.0\selenium-http-4.8.0.jar;C:\Users\zver2\.m2\repository\dev\failsafe\failsafe\3.3.0\failsafe-3.3.0.jar;C:\Users\zver2\.m2\repository\org\seleniumhq\selenium\selenium-ie-driver\4.8.0\selenium-ie-driver-4.8.0.jar;C:\Users\zver2\.m2\repository\org\seleniumhq\selenium\selenium-remote-driver\4.8.0\selenium-remote-driver-4.8.0.jar;C:\Users\zver2\.m2\repository\com\beust\jcommander\1.82\jcommander-1.82.jar;C:\Users\zver2\.m2\repository\io\netty\netty-buffer\4.1.87.Final\netty-buffer-4.1.87.Final.jar;C:\Users\zver2\.m2\repository\io\netty\netty-codec-http\4.1.87.Final\netty-codec-http-4.1.87.Final.jar;C:\Users\zver2\.m2\repository\io\netty\netty-codec\4.1.87.Final\netty-codec-4.1.87.Final.jar;C:\Users\zver2\.m2\repository\io\netty\netty-handler\4.1.87.Final\netty-handler-4.1.87.Final.jar;C:\Users\zver2\.m2\repository\io\netty\netty-common\4.1.87.Final\netty-common-4.1.87.Final.jar;C:\Users\zver2\.m2\repository\io\netty\netty-transport-classes-epoll\4.1.87.Final\netty-transport-classes-epoll-4.1.87.Final.jar;C:\Users\zver2\.m2\repository\io\netty\netty-transport-classes-kqueue\4.1.87.Final\netty-transport-classes-kqueue-4.1.87.Final.jar;C:\Users\zver2\.m2\repository\io\netty\netty-transport-native-epoll\4.1.87.Final\netty-transport-native-epoll-4.1.87.Final.jar;C:\Users\zver2\.m2\repository\io\netty\netty-transport-native-kqueue\4.1.87.Final\netty-transport-native-kqueue-4.1.87.Final.jar;C:\Users\zver2\.m2\repository\io\netty\netty-transport-native-unix-common\4.1.87.Final\netty-transport-native-unix-common-4.1.87.Final.jar;C:\Users\zver2\.m2\repository\io\netty\netty-transport\4.1.87.Final\netty-transport-4.1.87.Final.jar;C:\Users\zver2\.m2\repository\io\netty\netty-resolver\4.1.87.Final\netty-resolver-4.1.87.Final.jar;C:\Users\zver2\.m2\repository\io\opentelemetry\opentelemetry-api\1.22.0\opentelemetry-api-1.22.0.jar;C:\Users\zver2\.m2\repository\io\opentelemetry\opentelemetry-context\1.22.0\opentelemetry-context-1.22.0.jar;C:\Users\zver2\.m2\repository\io\opentelemetry\opentelemetry-exporter-logging\1.22.0\opentelemetry-exporter-logging-1.22.0.jar;C:\Users\zver2\.m2\repository\io\opentelemetry\opentelemetry-sdk-metrics\1.22.0\opentelemetry-sdk-metrics-1.22.0.jar;C:\Users\zver2\.m2\repository\io\opentelemetry\opentelemetry-sdk-logs\1.22.0-alpha\opentelemetry-sdk-logs-1.22.0-alpha.jar;C:\Users\zver2\.m2\repository\io\opentelemetry\opentelemetry-api-logs\1.22.0-alpha\opentelemetry-api-logs-1.22.0-alpha.jar;C:\Users\zver2\.m2\repository\io\opentelemetry\opentelemetry-sdk-common\1.22.0\opentelemetry-sdk-common-1.22.0.jar;C:\Users\zver2\.m2\repository\io\opentelemetry\opentelemetry-sdk-extension-autoconfigure-spi\1.22.0\opentelemetry-sdk-extension-autoconfigure-spi-1.22.0.jar;C:\Users\zver2\.m2\repository\io\opentelemetry\opentelemetry-sdk-extension-autoconfigure\1.22.0-alpha\opentelemetry-sdk-extension-autoconfigure-1.22.0-alpha.jar;C:\Users\zver2\.m2\repository\io\opentelemetry\opentelemetry-sdk-trace\1.22.0\opentelemetry-sdk-trace-1.22.0.jar;C:\Users\zver2\.m2\repository\io\opentelemetry\opentelemetry-sdk\1.22.0\opentelemetry-sdk-1.22.0.jar;C:\Users\zver2\.m2\repository\io\opentelemetry\opentelemetry-semconv\1.22.0-alpha\opentelemetry-semconv-1.22.0-alpha.jar;C:\Users\zver2\.m2\repository\io\ous\jtoml\2.0.0\jtoml-2.0.0.jar;C:\Users\zver2\.m2\repository\net\bytebuddy\byte-buddy\1.12.22\byte-buddy-1.12.22.jar;C:\Users\zver2\.m2\repository\org\apache\commons\commons-exec\1.3\commons-exec-1.3.jar;C:\Users\zver2\.m2\repository\org\asynchttpclient\async-http-client\2.12.3\async-http-client-2.12.3.jar;C:\Users\zver2\.m2\repository\org\asynchttpclient\async-http-client-netty-utils\2.12.3\async-http-client-netty-utils-2.12.3.jar;C:\Users\zver2\.m2\repository\io\netty\netty-codec-socks\4.1.60.Final\netty-codec-socks-4.1.60.Final.jar;C:\Users\zver2\.m2\repository\io\netty\netty-handler-proxy\4.1.60.Final\netty-handler-proxy-4.1.60.Final.jar;C:\Users\zver2\.m2\repository\io\netty\netty-transport-native-epoll\4.1.60.Final\netty-transport-native-epoll-4.1.60.Final-linux-x86_64.jar;C:\Users\zver2\.m2\repository\io\netty\netty-transport-native-kqueue\4.1.60.Final\netty-transport-native-kqueue-4.1.60.Final-osx-x86_64.jar;C:\Users\zver2\.m2\repository\org\reactivestreams\reactive-streams\1.0.3\reactive-streams-1.0.3.jar;C:\Users\zver2\.m2\repository\com\typesafe\netty\netty-reactive-streams\2.0.4\netty-reactive-streams-2.0.4.jar;C:\Users\zver2\.m2\repository\com\sun\activation\jakarta.activation\1.2.2\jakarta.activation-1.2.2.jar;C:\Users\zver2\.m2\repository\org\seleniumhq\selenium\selenium-manager\4.8.0\selenium-manager-4.8.0.jar;C:\Users\zver2\.m2\repository\org\seleniumhq\selenium\selenium-safari-driver\4.8.0\selenium-safari-driver-4.8.0.jar;C:\Users\zver2\.m2\repository\org\seleniumhq\selenium\selenium-support\4.8.0\selenium-support-4.8.0.jar;C:\Users\zver2\.m2\repository\io\github\bonigarcia\webdrivermanager\5.3.1\webdrivermanager-5.3.1.jar;C:\Users\zver2\.m2\repository\org\slf4j\slf4j-api\2.0.3\slf4j-api-2.0.3.jar;C:\Users\zver2\.m2\repository\com\google\code\gson\gson\2.10\gson-2.10.jar;C:\Users\zver2\.m2\repository\com\github\docker-java\docker-java\3.2.13\docker-java-3.2.13.jar;C:\Users\zver2\.m2\repository\com\github\docker-java\docker-java-core\3.2.13\docker-java-core-3.2.13.jar;C:\Users\zver2\.m2\repository\com\github\docker-java\docker-java-api\3.2.13\docker-java-api-3.2.13.jar;C:\Users\zver2\.m2\repository\org\apache\commons\commons-compress\1.21\commons-compress-1.21.jar;C:\Users\zver2\.m2\repository\org\bouncycastle\bcpkix-jdk15on\1.64\bcpkix-jdk15on-1.64.jar;C:\Users\zver2\.m2\repository\org\bouncycastle\bcprov-jdk15on\1.64\bcprov-jdk15on-1.64.jar;C:\Users\zver2\.m2\repository\org\slf4j\jcl-over-slf4j\1.7.30\jcl-over-slf4j-1.7.30.jar;C:\Users\zver2\.m2\repository\com\github\docker-java\docker-java-transport-httpclient5\3.2.13\docker-java-transport-httpclient5-3.2.13.jar;C:\Users\zver2\.m2\repository\com\github\docker-java\docker-java-transport\3.2.13\docker-java-transport-3.2.13.jar;C:\Users\zver2\.m2\repository\net\java\dev\jna\jna\5.8.0\jna-5.8.0.jar;C:\Users\zver2\.m2\repository\org\brotli\dec\0.1.2\dec-0.1.2.jar;C:\Users\zver2\.m2\repository\org\apache\commons\commons-lang3\3.12.0\commons-lang3-3.12.0.jar;C:\Users\zver2\.m2\repository\org\apache\httpcomponents\client5\httpclient5\5.1.3\httpclient5-5.1.3.jar;C:\Users\zver2\.m2\repository\org\apache\httpcomponents\core5\httpcore5\5.1.3\httpcore5-5.1.3.jar;C:\Users\zver2\.m2\repository\org\apache\httpcomponents\core5\httpcore5-h2\5.1.3\httpcore5-h2-5.1.3.jar;C:\Users\zver2\.m2\repository\io\cucumber\cucumber-java\7.11.1\cucumber-java-7.11.1.jar;C:\Users\zver2\.m2\repository\io\cucumber\cucumber-core\7.11.1\cucumber-core-7.11.1.jar;C:\Users\zver2\.m2\repository\io\cucumber\cucumber-gherkin\7.11.1\cucumber-gherkin-7.11.1.jar;C:\Users\zver2\.m2\repository\io\cucumber\cucumber-gherkin-messages\7.11.1\cucumber-gherkin-messages-7.11.1.jar;C:\Users\zver2\.m2\repository\io\cucumber\gherkin\26.0.3\gherkin-26.0.3.jar;C:\Users\zver2\.m2\repository\io\cucumber\messages\21.0.1\messages-21.0.1.jar;C:\Users\zver2\.m2\repository\io\cucumber\tag-expressions\5.0.1\tag-expressions-5.0.1.jar;C:\Users\zver2\.m2\repository\io\cucumber\cucumber-expressions\16.1.2\cucumber-expressions-16.1.2.jar;C:\Users\zver2\.m2\repository\io\cucumber\datatable\7.11.1\datatable-7.11.1.jar;C:\Users\zver2\.m2\repository\io\cucumber\cucumber-plugin\7.11.1\cucumber-plugin-7.11.1.jar;C:\Users\zver2\.m2\repository\io\cucumber\docstring\7.11.1\docstring-7.11.1.jar;C:\Users\zver2\.m2\repository\io\cucumber\html-formatter\20.2.1\html-formatter-20.2.1.jar;C:\Users\zver2\.m2\repository\io\cucumber\junit-xml-formatter\0.1.0\junit-xml-formatter-0.1.0.jar;C:\Users\zver2\.m2\repository\io\cucumber\ci-environment\9.1.0\ci-environment-9.1.0.jar;C:\Users\zver2\.m2\repository\org\apiguardian\apiguardian-api\1.1.2\apiguardian-api-1.1.2.jar;C:\Users\zver2\.m2\repository\io\cucumber\cucumber-junit\7.11.1\cucumber-junit-7.11.1.jar;C:\Users\zver2\.m2\repository\io\cucumber\cucumber-picocontainer\7.11.1\cucumber-picocontainer-7.11.1.jar;C:\Users\zver2\.m2\repository\org\picocontainer\picocontainer\2.15\picocontainer-2.15.jar;C:\Users\zver2\.m2\repository\junit\junit\4.13.2\junit-4.13.2.jar;C:\Users\zver2\.m2\repository\org\hamcrest\hamcrest-core\1.3\hamcrest-core-1.3.jar;C:\Users\zver2\.m2\repository\com\fasterxml\jackson\core\jackson-databind\2.14.2\jackson-databind-2.14.2.jar;C:\Users\zver2\.m2\repository\com\fasterxml\jackson\core\jackson-annotations\2.14.2\jackson-annotations-2.14.2.jar;C:\Users\zver2\.m2\repository\com\fasterxml\jackson\core\jackson-core\2.14.2\jackson-core-2.14.2.jar;C:\Users\zver2\.m2\repository\org\apache\poi\poi\5.2.3\poi-5.2.3.jar;C:\Users\zver2\.m2\repository\commons-codec\commons-codec\1.15\commons-codec-1.15.jar;C:\Users\zver2\.m2\repository\org\apache\commons\commons-collections4\4.4\commons-collections4-4.4.jar;C:\Users\zver2\.m2\repository\org\apache\commons\commons-math3\3.6.1\commons-math3-3.6.1.jar;C:\Users\zver2\.m2\repository\commons-io\commons-io\2.11.0\commons-io-2.11.0.jar;C:\Users\zver2\.m2\repository\com\zaxxer\SparseBitSet\1.2\SparseBitSet-1.2.jar;C:\Users\zver2\.m2\repository\org\apache\logging\log4j\log4j-api\2.18.0\log4j-api-2.18.0.jar;C:\Users\zver2\.m2\repository\org\apache\logging\log4j\log4j-core\2.19.0\log4j-core-2.19.0.jar;C:\Users\zver2\.m2\repository\log4j\log4j\1.2.17\log4j-1.2.17.jar;C:\Users\zver2\.m2\repository\io\rest-assured\json-schema-validator\5.3.0\json-schema-validator-5.3.0.jar;C:\Users\zver2\.m2\repository\com\github\java-json-tools\json-schema-validator\2.2.14\json-schema-validator-2.2.14.jar;C:\Users\zver2\.m2\repository\com\github\java-json-tools\jackson-coreutils-equivalence\1.0\jackson-coreutils-equivalence-1.0.jar;C:\Users\zver2\.m2\repository\com\github\java-json-tools\jackson-coreutils\2.0\jackson-coreutils-2.0.jar;C:\Users\zver2\.m2\repository\com\github\java-json-tools\msg-simple\1.2\msg-simple-1.2.jar;C:\Users\zver2\.m2\repository\com\github\java-json-tools\btf\1.3\btf-1.3.jar;C:\Users\zver2\.m2\repository\com\github\java-json-tools\json-schema-core\1.2.14\json-schema-core-1.2.14.jar;C:\Users\zver2\.m2\repository\com\github\java-json-tools\uri-template\0.10\uri-template-0.10.jar;C:\Users\zver2\.m2\repository\org\mozilla\rhino\1.7.7.2\rhino-1.7.7.2.jar;C:\Users\zver2\.m2\repository\com\sun\mail\mailapi\1.6.2\mailapi-1.6.2.jar;C:\Users\zver2\.m2\repository\joda-time\joda-time\2.10.5\joda-time-2.10.5.jar;C:\Users\zver2\.m2\repository\com\googlecode\libphonenumber\libphonenumber\8.11.1\libphonenumber-8.11.1.jar;C:\Users\zver2\.m2\repository\com\google\code\findbugs\jsr305\3.0.2\jsr305-3.0.2.jar;C:\Users\zver2\.m2\repository\net\sf\jopt-simple\jopt-simple\5.0.4\jopt-simple-5.0.4.jar;C:\Users\zver2\.m2\repository\org\hamcrest\hamcrest\2.1\hamcrest-2.1.jar;C:\Users\zver2\.m2\repository\io\rest-assured\rest-assured\5.3.0\rest-assured-5.3.0.jar;C:\Users\zver2\.m2\repository\org\apache\groovy\groovy\4.0.6\groovy-4.0.6.jar;C:\Users\zver2\.m2\repository\org\apache\groovy\groovy-xml\4.0.6\groovy-xml-4.0.6.jar;C:\Users\zver2\.m2\repository\org\apache\httpcomponents\httpclient\4.5.13\httpclient-4.5.13.jar;C:\Users\zver2\.m2\repository\org\apache\httpcomponents\httpcore\4.4.13\httpcore-4.4.13.jar;C:\Users\zver2\.m2\repository\commons-logging\commons-logging\1.2\commons-logging-1.2.jar;C:\Users\zver2\.m2\repository\org\apache\httpcomponents\httpmime\4.5.13\httpmime-4.5.13.jar;C:\Users\zver2\.m2\repository\org\ccil\cowan\tagsoup\tagsoup\1.2.1\tagsoup-1.2.1.jar;C:\Users\zver2\.m2\repository\io\rest-assured\json-path\5.3.0\json-path-5.3.0.jar;C:\Users\zver2\.m2\repository\org\apache\groovy\groovy-json\4.0.6\groovy-json-4.0.6.jar;C:\Users\zver2\.m2\repository\io\rest-assured\rest-assured-common\5.3.0\rest-assured-common-5.3.0.jar;C:\Users\zver2\.m2\repository\io\rest-assured\xml-path\5.3.0\xml-path-5.3.0.jar;C:\Users\zver2\.m2\repository\org\projectlombok\lombok\1.18.26\lombok-1.18.26.jar;C:\Users\zver2\.m2\repository\org\postgresql\postgresql\42.5.4\postgresql-42.5.4.jar;C:\Users\zver2\.m2\repository\org\checkerframework\checker-qual\3.5.0\checker-qual-3.5.0.jar;"/>
    <property name="sun.cpu.endian" value="little"/>
    <property name="user.home" value="C:\Users\zver2"/>
    <property name="user.language" value="en"/>
    <property name="java.specification.vendor" value="Oracle Corporation"/>
    <property name="java.version.date" value="2021-07-20"/>
    <property name="java.home" value="C:\Program Files\Java\jdk-11.0.12"/>
    <property name="file.separator" value="\"/>
    <property name="basedir" value="C:\Users\zver2\IdeaProjects\BookIT"/>
    <property name="java.vm.compressedOopsMode" value="Zero based"/>
    <property name="line.separator" value="&#10;"/>
    <property name="java.specification.name" value="Java Platform API Specification"/>
    <property name="java.vm.specification.vendor" value="Oracle Corporation"/>
    <property name="java.awt.graphicsenv" value="sun.awt.Win32GraphicsEnvironment"/>
    <property name="surefire.real.class.path" value="C:\Users\zver2\AppData\Local\Temp\surefire13605973392948533542\surefirebooter-20230305233456564_3.jar"/>
    <property name="user.script" value=""/>
    <property name="sun.management.compiler" value="HotSpot 64-Bit Tiered Compilers"/>
    <property name="java.runtime.version" value="11.0.12+8-LTS-237"/>
    <property name="user.name" value="zver2"/>
    <property name="path.separator" value=";"/>
    <property name="os.version" value="10.0"/>
    <property name="java.runtime.name" value="Java(TM) SE Runtime Environment"/>
    <property name="file.encoding" value="Cp1251"/>
    <property name="java.vm.name" value="Java HotSpot(TM) 64-Bit Server VM"/>
    <property name="java.vendor.version" value="18.9"/>
    <property name="localRepository" value="C:\Users\zver2\.m2\repository"/>
    <property name="java.vendor.url.bug" value="https://bugreport.java.com/bugreport/"/>
    <property name="java.io.tmpdir" value="C:\Users\zver2\AppData\Local\Temp\"/>
    <property name="idea.version" value="2022.1.2"/>
    <property name="java.version" value="11.0.12"/>
    <property name="user.dir" value="C:\Users\zver2\IdeaProjects\BookIT"/>
    <property name="os.arch" value="amd64"/>
    <property name="java.vm.specification.name" value="Java Virtual Machine Specification"/>
    <property name="java.awt.printerjob" value="sun.awt.windows.WPrinterJob"/>
    <property name="sun.os.patch.level" value=""/>
    <property name="java.library.path" value="C:\Program Files\Java\jdk-11.0.12\bin;C:\WINDOWS\Sun\Java\bin;C:\WINDOWS\system32;C:\WINDOWS;C:\Program Files\Common Files\Oracle\Java\javapath;C:\Program Files (x86)\NVIDIA Corporation\PhysX\Common;C:\WINDOWS\system32;C:\WINDOWS;C:\WINDOWS\System32\Wbem;C:\WINDOWS\System32\WindowsPowerShell\v1.0\;C:\WINDOWS\System32\OpenSSH\;C:\Program Files\Git\cmd;C:\Users\zver2\AppData\Local\Microsoft\WindowsApps;;C:\Users\zver2\AppData\Local\JetBrains\Toolbox\scripts;%USERPROFILE%\AppData\Local\Microsoft\WindowsApps;."/>
    <property name="java.vendor" value="Oracle Corporation"/>
    <property name="java.vm.info" value="mixed mode"/>
    <property name="java.vm.version" value="11.0.12+8-LTS-237"/>
    <property name="sun.io.unicode.encoding" value="UnicodeLittle"/>
    <property name="java.class.version" value="55.0"/>
  </properties>
  <testcase name="print names of graduates" classname="Show all graduates" time="12.928">
    <system-out><![CDATA[C:\Users\zver2\IdeaProjects\BookIT
AccessToken = eyJhbGciOiJIUzI1NiJ9.eyJqdGkiOiIxMTUxNiIsImF1ZCI6InRlYWNoZXIifQ.saFcTsRyMJQj1e8jhya1zpxngBggh5fC3lGsGyBCrQs
HTTP/1.1 200 OK
Connection: close
Date: Mon, 06 Mar 2023 04:35:06 GMT
Content-Type: application/json
Server: Jetty(9.4.8.v20171121)
Via: 1.1 vegur

[
    {
        "number": 7,
        "isGraduated": false,
        "teams": [
            {
                "id": 11609,
                "name": "Nukes",
                "members": [
                    {
                        "id": 17641,
                        "firstName": "Aracelis",
                        "lastName": "Gleichner",
                        "role": "student-team-member"
                    },
                    {
                        "id": 17643,
                        "firstName": "Eusebia",
                        "lastName": "Schimmel",
                        "role": "student-team-member"
                    },
                    {
                        "id": 17645,
                        "firstName": "Olamide",
                        "lastName": "Glover",
                        "role": "student-team-member"
                    },
                    {
                        "id": 17642,
                        "firstName": "Olamide",
                        "lastName": "Murray",
                        "role": "student-team-member"
                    },
                    {
                        "id": 17644,
                        "firstName": "Abel",
                        "lastName": "Steuber",
                        "role": "student-team-member"
                    },
                    {
                        "id": 17646,
                        "firstName": "Olamide",
                        "lastName": "Jacobson",
                        "role": "student-team-member"
                    },
                    {
                        "id": 17623,
                        "firstName": "Katrina",
                        "lastName": "Rodriguez",
                        "role": "student-team-member"
                    },
                    {
                        "id": 17624,
                        "firstName": "Ebonie",
                        "lastName": "Ratke",
                        "role": "student-team-member"
                    },
                    {
                        "id": 17625,
                        "firstName": "Terrilyn",
                        "lastName": "Dare",
                        "role": "student-team-member"
                    },
                    {
                        "id": 17626,
                        "firstName": "Madeleine",
                        "lastName": "Beier",
                        "role": "student-team-member"
                    },
                    {
                        "id": 17627,
                        "firstName": "Fae",
                        "lastName": "Little",
                        "role": "student-team-member"
                    },
                    {
                        "id": 17628,
                        "firstName": "Wendie",
                        "lastName": "Donnelly",
                        "role": "student-team-member"
                    },
                    {
                        "id": 17629,
                        "firstName": "Olamide",
                        "lastName": "Abiola",
                        "role": "student-team-member"
                    },
                    {
                        "id": 17633,
                        "firstName": "Olamide",
                        "lastName": "Abiola",
                        "role": "student-team-member"
                    },
                    {
                        "id": 17622,
                        "firstName": "HEBELEHUBELE",
                        "lastName": "Jonaaaaaa",
                        "role": "student-team-leader"
                    },
                    {
                        "id": 17631,
                        "firstName": "Olamide",
                        "lastName": "Abiola",
                        "role": "student-team-member"
                    },
                    {
                        "id": 17634,
                        "firstName": "Olamide",
                        "lastName": "Abiola",
                        "role": "student-team-member"
                    },
                    {
                        "id": 17639,
                        "firstName": "Olamideee",
                        "lastName": "Tremblay",
                        "role": "student-team-member"
                    },
                    {
                        "id": 17640,
                        "firstName": "Olamide",
                        "lastName": "Bins",
                        "role": "student-team-member"
                    },
                    {
                        "id": 17632,
                        "firstName": "Olamide",
                        "lastName": "Abiola",
                        "role": "student-team-member"
                    },
                    {
                        "id": 17375,
                        "firstName": "Ally",
                        "lastName": "Layne",
                        "role": "student-team-leader"
                    }
                ]
            },
            {
                "id": 14091,
                "name": "House",
                "members": [
                    
                ]
            },
            {
                "id": 17181,
                "name": "Dummies",
                "members": [
                    
                ]
            },
            {
                "id": 12127,
                "name": "Seattle",
                "members": [
                    
                ]
            }
        ]
    },
    {
        "number": 20,
        "isGraduated": false,
        "teams": [
            {
                "id": 11281,
                "name": "TheyBite",
                "members": [
                    {
                        "id": 17267,
                        "firstName": "Katya",
                        "lastName": "Orlov",
                        "role": "student-team-member"
                    },
                    {
                        "id": 17597,
                        "firstName": "Mike",
                        "lastName": "James",
                        "role": "student-team-leader"
                    },
                    {
                        "id": 17598,
                        "firstName": "Petar",
                        "lastName": "Petrovic",
                        "role": "student-team-leader"
                    },
                    {
                        "id": 17599,
                        "firstName": "Petar",
                        "lastName": "Petrovic",
                        "role": "student-team-member"
                    },
                    {
                        "id": 17600,
                        "firstName": "Petar",
                        "lastName": "Petrovic",
                        "role": "student-team-member"
                    },
                    {
                        "id": 17601,
                        "firstName": "Petar",
                        "lastName": "Petrovic",
                        "role": "student-team-member"
                    },
                    {
                        "id": 17268,
                        "firstName": "Katya",
                        "lastName": "Orlov",
                        "role": "student-team-member"
                    }
                ]
            },
            {
                "id": 11287,
                "name": "LoafandCamouflage",
                "members": [
                    
                ]
            },
            {
                "id": 11293,
                "name": "TeaForTwo",
                "members": [
                    
                ]
            },
            {
                "id": 11299,
                "name": "Galaxina",
                "members": [
                    
                ]
            },
            {
                "id": 11305,
                "name": "GangsofWasseypur",
                "members": [
                    
                ]
            },
            {
                "id": 11311,
                "name": "Breathless",
                "members": [
                    
                ]
            },
            {
                "id": 11317,
                "name": "Fountain",
                "members": [
                    
                ]
            },
            {
                "id": 11323,
                "name": "Volga",
                "members": [
                    
                ]
            },
            {
                "id": 11329,
                "name": "BadRonald",
                "members": [
                    
                ]
            },
            {
                "id": 11335,
                "name": "RiseofCatherinetheGreat",
                "members": [
                    
                ]
            },
            {
                "id": 11341,
                "name": "Borderland",
                "members": [
                    
                ]
            },
            {
                "id": 11347,
                "name": "Stardom",
                "members": [
                    
                ]
            },
            {
                "id": 11353,
                "name": "CatBallou",
                "members": [
                    
                ]
            },
            {
                "id": 11359,
                "name": "BadBoys",
                "members": [
                    
                ]
            },
            {
                "id": 11365,
                "name": "FearIsland",
                "members": [
                    
                ]
            },
            {
                "id": 11371,
                "name": "AnniversaryParty",
                "members": [
                    
                ]
            },
            {
                "id": 11377,
                "name": "Jumanji",
                "members": [
                    
                ]
            },
            {
                "id": 11383,
                "name": "Untraceable",
                "members": [
                    
                ]
            },
            {
                "id": 11389,
                "name": "BlingRing",
                "members": [
                    
                ]
            },
            {
                "id": 11395,
                "name": "OctoberSky",
                "members": [
                    
                ]
            },
            {
                "id": 11401,
                "name": "Angel",
                "members": [
                    
                ]
            },
            {
                "id": 11407,
                "name": "StoryofUs",
                "members": [
                    
                ]
            },
            {
                "id": 11413,
                "name": "LifeItself",
                "members": [
                    
                ]
            },
            {
                "id": 11419,
                "name": "Stay",
                "members": [
                    
                ]
            },
            {
                "id": 11425,
                "name": "Motorama",
                "members": [
                    
                ]
            },
            {
                "id": 11431,
                "name": "BlitheSpirit",
                "members": [
                    
                ]
            },
            {
                "id": 11437,
                "name": "Samurai",
                "members": [
                    
                ]
            },
            {
                "id": 11443,
                "name": "HighSierra",
                "members": [
                    
                ]
            },
            {
                "id": 11449,
                "name": "CurbDance",
                "members": [
                    
                ]
            },
            {
                "id": 11455,
                "name": "Super",
                "members": [
                    
                ]
            },
            {
                "id": 11461,
                "name": "Marjoe",
                "members": [
                    
                ]
            },
            {
                "id": 11467,
                "name": "Kicking",
                "members": [
                    
                ]
            },
            {
                "id": 11473,
                "name": "HeartyPaws",
                "members": [
                    
                ]
            },
            {
                "id": 11479,
                "name": "CoolasIce",
                "members": [
                    
                ]
            },
            {
                "id": 11485,
                "name": "MadeinAmerica",
                "members": [
                    
                ]
            },
            {
                "id": 11491,
                "name": "RoadHard",
                "members": [
                    
                ]
            },
            {
                "id": 11497,
                "name": "AsGoodasItGets",
                "members": [
                    
                ]
            },
            {
                "id": 11503,
                "name": "QuestforFire",
                "members": [
                    
                ]
            },
            {
                "id": 11509,
                "name": "teachers",
                "members": [
                    
                ]
            },
            {
                "id": 12594,
                "name": "Wooden Spoon6576",
                "members": [
                    
                ]
            },
            {
                "id": 12603,
                "name": "Wooden Spoon8758",
                "members": [
                    
                ]
            },
            {
                "id": 12106,
                "name": "Wooden Spoon6500",
                "members": [
                    
                ]
            },
            {
                "id": 12027,
                "name": "Wooden SpoonVIII",
                "members": [
                    
                ]
            },
            {
                "id": 12048,
                "name": "Wooden Spoon5470",
                "members": [
                    
                ]
            },
            {
                "id": 12051,
                "name": "Wooden Spoon006",
                "members": [
                    
                ]
            },
            {
                "id": 12059,
                "name": "Wooden Spoon004",
                "members": [
                    
                ]
            },
            {
                "id": 12189,
                "name": "Wooden Spoon6570",
                "members": [
                    
                ]
            },
            {
                "id": 12211,
                "name": "MG1",
                "members": [
                    
                ]
            },
            {
                "id": 12224,
                "name": "FairyTALE1",
                "members": [
                    
                ]
            },
            {
                "id": 12229,
                "name": "FairyTALE000",
                "members": [
                    
                ]
            },
            {
                "id": 12629,
                "name": "Wooden Spoon2598",
                "members": [
                    
                ]
            },
            {
                "id": 12286,
                "name": "Wooden Spoon222",
                "members": [
                    
                ]
            },
            {
                "id": 12289,
                "name": "Wooden Spoon456",
                "members": [
                    
                ]
            },
            {
                "id": 12338,
                "name": "Metal Spoon11100",
                "members": [
                    
                ]
            },
            {
                "id": 12641,
                "name": "Wooden Spoon4569",
                "members": [
                    
                ]
            },
            {
                "id": 12368,
                "name": "Wooden Spoon666",
                "members": [
                    
                ]
            },
            {
                "id": 12370,
                "name": "Wooden Spoon66669",
                "members": [
                    
                ]
            },
            {
                "id": 13262,
                "name": "Wooden Spoon1946",
                "members": [
                    
                ]
            },
            {
                "id": 12551,
                "name": "Wooden Spoon301",
                "members": [
                    
                ]
            },
            {
                "id": 12557,
                "name": "Wooden fork8978",
                "members": [
                    
                ]
            },
            {
                "id": 12909,
                "name": "MVDesroches",
                "members": [
                    
                ]
            },
            {
                "id": 12560,
                "name": "Wooden Spoon8888",
                "members": [
                    
                ]
            },
            {
                "id": 13507,
                "name": "Wooden Spoon001",
                "members": [
                    
                ]
            },
            {
                "id": 13906,
                "name": "Wooden Spoon283322",
                "members": [
                    
                ]
            },
            {
                "id": 12778,
                "name": "Wooden Spoon4869",
                "members": [
                    
                ]
            },
            {
                "id": 13920,
                "name": "Wooden Spoon976166",
                "members": [
                    
                ]
            },
            {
                "id": 12812,
                "name": "Wooden Spoon34",
                "members": [
                    
                ]
            },
            {
                "id": 12815,
                "name": "Wooden Spoon62604",
                "members": [
                    
                ]
            },
            {
                "id": 14045,
                "name": "Wooden Spoon69987",
                "members": [
                    
                ]
            },
            {
                "id": 12856,
                "name": "Wooden Spoon777894",
                "members": [
                    
                ]
            },
            {
                "id": 13846,
                "name": "Wooden03",
                "members": [
                    
                ]
            },
            {
                "id": 13412,
                "name": "Wooden Spoon654858",
                "members": [
                    
                ]
            },
            {
                "id": 13433,
                "name": "Wooden SpoonXIII",
                "members": [
                    
                ]
            },
            {
                "id": 14146,
                "name": "Wooden Spoon3",
                "members": [
                    
                ]
            },
            {
                "id": 17166,
                "name": "HelloWorld",
                "members": [
                    
                ]
            },
            {
                "id": 12084,
                "name": "Wooden SpoonAl112l11",
                "members": [
                    
                ]
            },
            {
                "id": 12109,
                "name": "Wooden Spoon65001",
                "members": [
                    
                ]
            },
            {
                "id": 12028,
                "name": "Wooden Spoon1234",
                "members": [
                    
                ]
            },
            {
                "id": 12030,
                "name": "Wooden Spoon4477",
                "members": [
                    
                ]
            },
            {
                "id": 12054,
                "name": "Wooden SpoonXI",
                "members": [
                    
                ]
            },
            {
                "id": 12060,
                "name": "Wo2o2ooden Spoon",
                "members": [
                    
                ]
            },
            {
                "id": 12191,
                "name": "Wooden Spoon995",
                "members": [
                    
                ]
            },
            {
                "id": 12212,
                "name": "ALittleBitMore",
                "members": [
                    
                ]
            },
            {
                "id": 12226,
                "name": "FairyTALE3",
                "members": [
                    
                ]
            },
            {
                "id": 12234,
                "name": "crying spoon",
                "members": [
                    
                ]
            },
            {
                "id": 12291,
                "name": "Wooden Spoon603",
                "members": [
                    
                ]
            },
            {
                "id": 12308,
                "name": "full stack tester01111",
                "members": [
                    
                ]
            },
            {
                "id": 12340,
                "name": "Wooden Spoon56733",
                "members": [
                    
                ]
            },
            {
                "id": 12598,
                "name": "Wooden Spoon65756",
                "members": [
                    
                ]
            },
            {
                "id": 12369,
                "name": "Wooden Spoon6666",
                "members": [
                    
                ]
            },
            {
                "id": 12382,
                "name": "Wooden Spoon111",
                "members": [
                    
                ]
            },
            {
                "id": 12401,
                "name": "Wooden Spoon6574",
                "members": [
                    
                ]
            },
            {
                "id": 12734,
                "name": "WoodenSpoo2231",
                "members": [
                    
                ]
            },
            {
                "id": 12571,
                "name": "Wooden Spoon97",
                "members": [
                    
                ]
            },
            {
                "id": 13280,
                "name": "Furious",
                "members": [
                    
                ]
            },
            {
                "id": 12905,
                "name": "New Member6919",
                "members": [
                    
                ]
            },
            {
                "id": 13915,
                "name": "Wooden Spoon6568",
                "members": [
                    
                ]
            },
            {
                "id": 12786,
                "name": "Wooden Spoon family",
                "members": [
                    
                ]
            },
            {
                "id": 12798,
                "name": "Wooden Spoon8004",
                "members": [
                    
                ]
            },
            {
                "id": 13522,
                "name": "Nisso6116",
                "members": [
                    
                ]
            },
            {
                "id": 13921,
                "name": "Wooden Spoon2369",
                "members": [
                    
                ]
            },
            {
                "id": 12874,
                "name": "ali",
                "members": [
                    
                ]
            },
            {
                "id": 13794,
                "name": "Wooden Spoon9776",
                "members": [
                    
                ]
            },
            {
                "id": 13868,
                "name": "Wooden Spoon2344",
                "members": [
                    
                ]
            },
            {
                "id": 14107,
                "name": "Wooden Spoonnnn",
                "members": [
                    
                ]
            },
            {
                "id": 14109,
                "name": "BLABLAgd",
                "members": [
                    
                ]
            },
            {
                "id": 14813,
                "name": "North",
                "members": [
                    
                ]
            },
            {
                "id": 17256,
                "name": "Invincible",
                "members": [
                    
                ]
            },
            {
                "id": 12085,
                "name": "Wooden SpoonAl1122l11",
                "members": [
                    
                ]
            },
            {
                "id": 12089,
                "name": "Wooden SpoonAl112121l111",
                "members": [
                    
                ]
            },
            {
                "id": 12599,
                "name": "Wooden Spoon4555",
                "members": [
                    
                ]
            },
            {
                "id": 12029,
                "name": "Wooden Spoon5430",
                "members": [
                    
                ]
            },
            {
                "id": 12600,
                "name": "Wooden Spoon9875",
                "members": [
                    
                ]
            },
            {
                "id": 12071,
                "name": "Wooden Spoon6546",
                "members": [
                    
                ]
            },
            {
                "id": 12193,
                "name": "Wooden Spoon994",
                "members": [
                    
                ]
            },
            {
                "id": 12883,
                "name": "Wooden Spoon4866",
                "members": [
                    
                ]
            },
            {
                "id": 12238,
                "name": "Crying Spoon1",
                "members": [
                    
                ]
            },
            {
                "id": 12239,
                "name": "Crying Spoon23",
                "members": [
                    
                ]
            },
            {
                "id": 12240,
                "name": "Crying Spoon123",
                "members": [
                    
                ]
            },
            {
                "id": 12293,
                "name": "Wooden Spoon1833",
                "members": [
                    
                ]
            },
            {
                "id": 12304,
                "name": "Wooden Spoon6542",
                "members": [
                    
                ]
            },
            {
                "id": 12341,
                "name": "Metal Spoon1123100",
                "members": [
                    
                ]
            },
            {
                "id": 13922,
                "name": "Iuliia123",
                "members": [
                    
                ]
            },
            {
                "id": 12371,
                "name": "Wooden Spoon666696",
                "members": [
                    
                ]
            },
            {
                "id": 12372,
                "name": "Wooden Spoon420",
                "members": [
                    
                ]
            },
            {
                "id": 12380,
                "name": "Wooden Spoon56739",
                "members": [
                    
                ]
            },
            {
                "id": 12782,
                "name": "Woo2231",
                "members": [
                    
                ]
            },
            {
                "id": 12692,
                "name": "Wooden Spoon65644",
                "members": [
                    
                ]
            },
            {
                "id": 13127,
                "name": "Avengers115",
                "members": [
                    
                ]
            },
            {
                "id": 12809,
                "name": "Wooden Spoon7580",
                "members": [
                    
                ]
            },
            {
                "id": 12926,
                "name": "Wooden Spoon7byt8",
                "members": [
                    
                ]
            },
            {
                "id": 12816,
                "name": "Wooden Spoon8412",
                "members": [
                    
                ]
            },
            {
                "id": 12947,
                "name": "New Member5919",
                "members": [
                    
                ]
            },
            {
                "id": 12817,
                "name": "Wooden Spoon7585",
                "members": [
                    
                ]
            },
            {
                "id": 12818,
                "name": "New Member6819",
                "members": [
                    
                ]
            },
            {
                "id": 12820,
                "name": "Wooden Spoon654649",
                "members": [
                    
                ]
            },
            {
                "id": 12821,
                "name": "Wooden SSpoon9",
                "members": [
                    
                ]
            },
            {
                "id": 12950,
                "name": "Cucumber96",
                "members": [
                    
                ]
            },
            {
                "id": 14108,
                "name": "BLABLA",
                "members": [
                    
                ]
            },
            {
                "id": 13780,
                "name": "Wooden Spoon87654",
                "members": [
                    
                ]
            },
            {
                "id": 14154,
                "name": "Wooden Spoon6543456569876",
                "members": [
                    
                ]
            },
            {
                "id": 14207,
                "name": "Wooden Spoon3675687",
                "members": [
                    
                ]
            },
            {
                "id": 12086,
                "name": "Wooden SpoonAl11221l11",
                "members": [
                    
                ]
            },
            {
                "id": 12108,
                "name": "Wooden Spoo",
                "members": [
                    
                ]
            },
            {
                "id": 12031,
                "name": "Wooden Spoon2311",
                "members": [
                    
                ]
            },
            {
                "id": 12047,
                "name": "Wooden Spoon Family101",
                "members": [
                    
                ]
            },
            {
                "id": 12050,
                "name": "Woo2ooden Spoon",
                "members": [
                    
                ]
            },
            {
                "id": 12601,
                "name": "Wooden Spoon69",
                "members": [
                    
                ]
            },
            {
                "id": 12057,
                "name": "Wooden Spoon Family102",
                "members": [
                    
                ]
            },
            {
                "id": 12058,
                "name": "Wooden Spoon5678",
                "members": [
                    
                ]
            },
            {
                "id": 12075,
                "name": "Wooden SpoonAl11l11",
                "members": [
                    
                ]
            },
            {
                "id": 12899,
                "name": "Wooden Spoon48696",
                "members": [
                    
                ]
            },
            {
                "id": 12748,
                "name": "WoodenS2231",
                "members": [
                    
                ]
            },
            {
                "id": 13535,
                "name": "Wooden Spoon65759",
                "members": [
                    
                ]
            },
            {
                "id": 13937,
                "name": "Wooden Spoon2323",
                "members": [
                    
                ]
            },
            {
                "id": 12124,
                "name": "Wooden Spoon090",
                "members": [
                    
                ]
            },
            {
                "id": 12126,
                "name": "Wooden Spoonkuesdhfiu",
                "members": [
                    
                ]
            },
            {
                "id": 12129,
                "name": "Wooden Spoon912",
                "members": [
                    
                ]
            },
            {
                "id": 12953,
                "name": "Cucumber948",
                "members": [
                    
                ]
            },
            {
                "id": 13169,
                "name": "Future SDET life",
                "members": [
                    
                ]
            },
            {
                "id": 12137,
                "name": "Wooden Spoon999",
                "members": [
                    
                ]
            },
            {
                "id": 12138,
                "name": "Wooden Spoon77",
                "members": [
                    
                ]
            },
            {
                "id": 12139,
                "name": "Wooden Spoon79",
                "members": [
                    
                ]
            },
            {
                "id": 12143,
                "name": "Ihor Spoon256",
                "members": [
                    
                ]
            },
            {
                "id": 12144,
                "name": "Ihor Spoon235",
                "members": [
                    
                ]
            },
            {
                "id": 12145,
                "name": "Ihor Spoon237",
                "members": [
                    
                ]
            },
            {
                "id": 12148,
                "name": "TheBestOffer111",
                "members": [
                    
                ]
            },
            {
                "id": 12162,
                "name": "Wooden Spoon11",
                "members": [
                    
                ]
            },
            {
                "id": 12164,
                "name": "Wooden Spoon6511",
                "members": [
                    
                ]
            },
            {
                "id": 12165,
                "name": "Wooden Spoon21",
                "members": [
                    
                ]
            },
            {
                "id": 12166,
                "name": "Wooden Spoon6512",
                "members": [
                    
                ]
            },
            {
                "id": 12168,
                "name": "TheBestOffer112",
                "members": [
                    
                ]
            },
            {
                "id": 12169,
                "name": "TheBestOffer09",
                "members": [
                    
                ]
            },
            {
                "id": 12170,
                "name": "Wooden Spoon6577",
                "members": [
                    
                ]
            },
            {
                "id": 12194,
                "name": "Wooden Spoon992",
                "members": [
                    
                ]
            },
            {
                "id": 12215,
                "name": "Wooden Spoon998989",
                "members": [
                    
                ]
            },
            {
                "id": 12241,
                "name": "Crying Spoon1234",
                "members": [
                    
                ]
            },
            {
                "id": 12296,
                "name": "Wooden Spoon15383",
                "members": [
                    
                ]
            },
            {
                "id": 12704,
                "name": "Wooden Spoon1255",
                "members": [
                    
                ]
            },
            {
                "id": 12347,
                "name": "Wooden Spoon56737",
                "members": [
                    
                ]
            },
            {
                "id": 14017,
                "name": "Wooden Spoon3544",
                "members": [
                    
                ]
            },
            {
                "id": 12366,
                "name": "Wooden Spoon 23",
                "members": [
                    
                ]
            },
            {
                "id": 12381,
                "name": "Wooden Spoon56791",
                "members": [
                    
                ]
            },
            {
                "id": 12802,
                "name": "Wooden Spoon7579",
                "members": [
                    
                ]
            },
            {
                "id": 12822,
                "name": "Wooden Spoon4565454",
                "members": [
                    
                ]
            },
            {
                "id": 14053,
                "name": "Wooden12",
                "members": [
                    
                ]
            },
            {
                "id": 13023,
                "name": "Avengers114",
                "members": [
                    
                ]
            },
            {
                "id": 13348,
                "name": "Wooden Spoon688",
                "members": [
                    
                ]
            },
            {
                "id": 13362,
                "name": "Wooden Forrkk",
                "members": [
                    
                ]
            },
            {
                "id": 14062,
                "name": "Wooden SpoonZa",
                "members": [
                    
                ]
            },
            {
                "id": 13847,
                "name": "Wooden Spoon611kh78",
                "members": [
                    
                ]
            },
            {
                "id": 13435,
                "name": "Mohammed234",
                "members": [
                    
                ]
            },
            {
                "id": 13437,
                "name": "Ihor Spoon269",
                "members": [
                    
                ]
            },
            {
                "id": 14110,
                "name": "BLABLAgddvgde",
                "members": [
                    
                ]
            },
            {
                "id": 14124,
                "name": "Wooden Spoon3215686",
                "members": [
                    
                ]
            },
            {
                "id": 14208,
                "name": "Wooden Spoon3605687",
                "members": [
                    
                ]
            },
            {
                "id": 12087,
                "name": "Wooden SpoonAl11221l111",
                "members": [
                    
                ]
            },
            {
                "id": 12032,
                "name": "Wooden Spoon4246",
                "members": [
                    
                ]
            },
            {
                "id": 12037,
                "name": "Wooooden Spoon",
                "members": [
                    
                ]
            },
            {
                "id": 12044,
                "name": "Wooden Spoon007",
                "members": [
                    
                ]
            },
            {
                "id": 12064,
                "name": "Wodden !!!!!",
                "members": [
                    
                ]
            },
            {
                "id": 12090,
                "name": "Wooden SpoonAl1121121l111",
                "members": [
                    
                ]
            },
            {
                "id": 12093,
                "name": "Wooden Spoon6571234",
                "members": [
                    
                ]
            },
            {
                "id": 12120,
                "name": "Wooden Spoon8876",
                "members": [
                    
                ]
            },
            {
                "id": 12602,
                "name": "Wooden Spoon1813",
                "members": [
                    
                ]
            },
            {
                "id": 12604,
                "name": "Wooden Spoon8662",
                "members": [
                    
                ]
            },
            {
                "id": 12128,
                "name": "Wooden Spoon0912",
                "members": [
                    
                ]
            },
            {
                "id": 12737,
                "name": "Wooden Spoon25412",
                "members": [
                    
                ]
            },
            {
                "id": 12133,
                "name": "Wooden Spoon6575",
                "members": [
                    
                ]
            },
            {
                "id": 12135,
                "name": "Wooden Spoon00",
                "members": [
                    
                ]
            },
            {
                "id": 12140,
                "name": "Wooden Spoon8964",
                "members": [
                    
                ]
            },
            {
                "id": 12141,
                "name": "Wooden Spoon6834",
                "members": [
                    
                ]
            },
            {
                "id": 12147,
                "name": "Ihor Spoon268",
                "members": [
                    
                ]
            },
            {
                "id": 12150,
                "name": "Wooden Spo",
                "members": [
                    
                ]
            },
            {
                "id": 12161,
                "name": "Wooden Spoon10",
                "members": [
                    
                ]
            },
            {
                "id": 12163,
                "name": "Wooden Spoon22",
                "members": [
                    
                ]
            },
            {
                "id": 12171,
                "name": "Wooden Spoon6579",
                "members": [
                    
                ]
            },
            {
                "id": 12172,
                "name": "TheBestOffer88",
                "members": [
                    
                ]
            },
            {
                "id": 12195,
                "name": "Wooden Spoon991",
                "members": [
                    
                ]
            },
            {
                "id": 13480,
                "name": "Karate Man",
                "members": [
                    
                ]
            },
            {
                "id": 12223,
                "name": "FairyTALE9",
                "members": [
                    
                ]
            },
            {
                "id": 12242,
                "name": "Crying Spoon111",
                "members": [
                    
                ]
            },
            {
                "id": 12680,
                "name": "Wooden Spoon556",
                "members": [
                    
                ]
            },
            {
                "id": 12250,
                "name": "Wooden Spoon98277",
                "members": [
                    
                ]
            },
            {
                "id": 12253,
                "name": "Wooden Spoon151515",
                "members": [
                    
                ]
            },
            {
                "id": 12266,
                "name": "Wooden Spoon5437",
                "members": [
                    
                ]
            },
            {
                "id": 12766,
                "name": "Wooden Spoon4867",
                "members": [
                    
                ]
            },
            {
                "id": 12298,
                "name": "Wooden Spoon777777",
                "members": [
                    
                ]
            },
            {
                "id": 12309,
                "name": "Wooden Spoon2023",
                "members": [
                    
                ]
            },
            {
                "id": 12328,
                "name": "Wooden Spoon65002",
                "members": [
                    
                ]
            },
            {
                "id": 12348,
                "name": "Wooden Spoon56738",
                "members": [
                    
                ]
            },
            {
                "id": 12792,
                "name": "WoodenSpoons22311111",
                "members": [
                    
                ]
            },
            {
                "id": 12814,
                "name": "Cucumber999",
                "members": [
                    
                ]
            },
            {
                "id": 12908,
                "name": "Wooden Spoon486986",
                "members": [
                    
                ]
            },
            {
                "id": 13099,
                "name": "Wooden Spoon7bxt8",
                "members": [
                    
                ]
            },
            {
                "id": 13954,
                "name": "Wooden Spoon666687",
                "members": [
                    
                ]
            },
            {
                "id": 13049,
                "name": "Wooden Spoon6174",
                "members": [
                    
                ]
            },
            {
                "id": 13186,
                "name": "Avengers116",
                "members": [
                    
                ]
            },
            {
                "id": 13199,
                "name": "Avengers117",
                "members": [
                    
                ]
            },
            {
                "id": 14041,
                "name": "Wooden Spoon69988",
                "members": [
                    
                ]
            },
            {
                "id": 13383,
                "name": "Wooden Spoon4869786",
                "members": [
                    
                ]
            },
            {
                "id": 14054,
                "name": "Wooden 1223455",
                "members": [
                    
                ]
            },
            {
                "id": 13424,
                "name": "nazzzzz",
                "members": [
                    
                ]
            },
            {
                "id": 14055,
                "name": "Wooden 122345535236",
                "members": [
                    
                ]
            },
            {
                "id": 14065,
                "name": "Wooden SpoonZa377",
                "members": [
                    
                ]
            },
            {
                "id": 13445,
                "name": "Wooden Spoon88790",
                "members": [
                    
                ]
            },
            {
                "id": 13754,
                "name": "RoseBut",
                "members": [
                    
                ]
            },
            {
                "id": 13772,
                "name": "Wooden Spoon23",
                "members": [
                    
                ]
            },
            {
                "id": 14112,
                "name": "NewTeam",
                "members": [
                    
                ]
            },
            {
                "id": 14177,
                "name": "Wooden Spoon",
                "members": [
                    
                ]
            },
            {
                "id": 13824,
                "name": "Ihor Spoon270",
                "members": [
                    
                ]
            },
            {
                "id": 14209,
                "name": "Wooden Spoon36125687",
                "members": [
                    
                ]
            },
            {
                "id": 12088,
                "name": "WoodenAll1231",
                "members": [
                    
                ]
            },
            {
                "id": 12033,
                "name": "Wooden Sporon",
                "members": [
                    
                ]
            },
            {
                "id": 12038,
                "name": "Wooden Spoon6178",
                "members": [
                    
                ]
            },
            {
                "id": 12065,
                "name": "Wooden Spoon5679",
                "members": [
                    
                ]
            },
            {
                "id": 12180,
                "name": "TheBestOffer882",
                "members": [
                    
                ]
            },
            {
                "id": 12196,
                "name": "Wooden Spoon990",
                "members": [
                    
                ]
            },
            {
                "id": 12225,
                "name": "FairyTALE2",
                "members": [
                    
                ]
            },
            {
                "id": 12605,
                "name": "Wooden Spoon65740",
                "members": [
                    
                ]
            },
            {
                "id": 12247,
                "name": "Wooden Spoon98272",
                "members": [
                    
                ]
            },
            {
                "id": 12248,
                "name": "Wooden Spoon98276",
                "members": [
                    
                ]
            },
            {
                "id": 12249,
                "name": "Wooden Spoon98270",
                "members": [
                    
                ]
            },
            {
                "id": 12299,
                "name": "Wooden Spoon6567",
                "members": [
                    
                ]
            },
            {
                "id": 12302,
                "name": "Wooden Spoon7",
                "members": [
                    
                ]
            },
            {
                "id": 12625,
                "name": "Star",
                "members": [
                    
                ]
            },
            {
                "id": 13485,
                "name": "full stack tester011122",
                "members": [
                    
                ]
            },
            {
                "id": 12654,
                "name": "WoodenSpoo223",
                "members": [
                    
                ]
            },
            {
                "id": 12935,
                "name": "Cucumber978",
                "members": [
                    
                ]
            },
            {
                "id": 13902,
                "name": "Wooden Spoon6543",
                "members": [
                    
                ]
            },
            {
                "id": 12941,
                "name": "Cucumber964",
                "members": [
                    
                ]
            },
            {
                "id": 12689,
                "name": "Wooden Spoon1200",
                "members": [
                    
                ]
            },
            {
                "id": 13335,
                "name": "Wooden Spoon0101",
                "members": [
                    
                ]
            },
            {
                "id": 12959,
                "name": "Cucumber78",
                "members": [
                    
                ]
            },
            {
                "id": 13524,
                "name": "Wooden Spoon003",
                "members": [
                    
                ]
            },
            {
                "id": 12857,
                "name": "Wooden Spoon9000",
                "members": [
                    
                ]
            },
            {
                "id": 13541,
                "name": "Wooden SpoonAl1121121l1111",
                "members": [
                    
                ]
            },
            {
                "id": 13918,
                "name": "Wooden Spoon9761",
                "members": [
                    
                ]
            },
            {
                "id": 12879,
                "name": "Wooden Spoon4861",
                "members": [
                    
                ]
            },
            {
                "id": 13697,
                "name": "NullMM",
                "members": [
                    
                ]
            },
            {
                "id": 13778,
                "name": "RoseBut1",
                "members": [
                    
                ]
            },
            {
                "id": 13793,
                "name": "Wooden Spoon888",
                "members": [
                    
                ]
            },
            {
                "id": 13826,
                "name": "Ihor Spoon272",
                "members": [
                    
                ]
            },
            {
                "id": 13859,
                "name": "Wooden10",
                "members": [
                    
                ]
            },
            {
                "id": 14063,
                "name": "Wooden SpoonZa7",
                "members": [
                    
                ]
            },
            {
                "id": 14069,
                "name": "ZafurZafur",
                "members": [
                    
                ]
            },
            {
                "id": 14594,
                "name": "Wooden Spoon3604",
                "members": [
                    
                ]
            },
            {
                "id": 17517,
                "name": "Heaven",
                "members": [
                    
                ]
            },
            {
                "id": 17518,
                "name": "Unutulmaz",
                "members": [
                    
                ]
            },
            {
                "id": 12091,
                "name": "Sprinters",
                "members": [
                    
                ]
            },
            {
                "id": 12094,
                "name": "Wooden Spoon65371234",
                "members": [
                    
                ]
            },
            {
                "id": 12036,
                "name": "Wooden Spoon4249",
                "members": [
                    
                ]
            },
            {
                "id": 12606,
                "name": "Wooden Spoon231125",
                "members": [
                    
                ]
            },
            {
                "id": 13904,
                "name": "Wooden Spoon28334",
                "members": [
                    
                ]
            },
            {
                "id": 12067,
                "name": "Wooden Spoon5670",
                "members": [
                    
                ]
            },
            {
                "id": 12069,
                "name": "Wooden Spoon5671",
                "members": [
                    
                ]
            },
            {
                "id": 12181,
                "name": "TheBestOffer883",
                "members": [
                    
                ]
            },
            {
                "id": 12198,
                "name": "MuRoNull",
                "members": [
                    
                ]
            },
            {
                "id": 12199,
                "name": "MuRNull",
                "members": [
                    
                ]
            },
            {
                "id": 12204,
                "name": "NullMuRo",
                "members": [
                    
                ]
            },
            {
                "id": 12209,
                "name": "MG",
                "members": [
                    
                ]
            },
            {
                "id": 12210,
                "name": "Smile",
                "members": [
                    
                ]
            },
            {
                "id": 12216,
                "name": "ALittleBitMorex2",
                "members": [
                    
                ]
            },
            {
                "id": 12228,
                "name": "FairyTALE4",
                "members": [
                    
                ]
            },
            {
                "id": 12232,
                "name": "MG208",
                "members": [
                    
                ]
            },
            {
                "id": 12616,
                "name": "Karate peopl",
                "members": [
                    
                ]
            },
            {
                "id": 12254,
                "name": "Wooden Spoon120",
                "members": [
                    
                ]
            },
            {
                "id": 12264,
                "name": "Wooden Tayyip",
                "members": [
                    
                ]
            },
            {
                "id": 12620,
                "name": "Wooden Spoon 1736",
                "members": [
                    
                ]
            },
            {
                "id": 12303,
                "name": "Wooden Spoon6605",
                "members": [
                    
                ]
            },
            {
                "id": 12306,
                "name": "Didarchik",
                "members": [
                    
                ]
            },
            {
                "id": 12311,
                "name": "Wooden Spoon 1735",
                "members": [
                    
                ]
            },
            {
                "id": 12312,
                "name": "Wooden Spoon1092",
                "members": [
                    
                ]
            },
            {
                "id": 12635,
                "name": "WoodenSpoo22",
                "members": [
                    
                ]
            },
            {
                "id": 12751,
                "name": "Wooden Spoon5464",
                "members": [
                    
                ]
            },
            {
                "id": 12509,
                "name": "Wooden Spoon7678",
                "members": [
                    
                ]
            },
            {
                "id": 12546,
                "name": "Wooden Spoon6513",
                "members": [
                    
                ]
            },
            {
                "id": 12561,
                "name": "Wooden Spoon65745",
                "members": [
                    
                ]
            },
            {
                "id": 12562,
                "name": "Wooden Spoon300s3",
                "members": [
                    
                ]
            },
            {
                "id": 12579,
                "name": "Wooden Spoon8812",
                "members": [
                    
                ]
            },
            {
                "id": 12589,
                "name": "Wooden Spoon2048",
                "members": [
                    
                ]
            },
            {
                "id": 12590,
                "name": "Wooden Spoon6839",
                "members": [
                    
                ]
            },
            {
                "id": 12910,
                "name": "Mo45234",
                "members": [
                    
                ]
            },
            {
                "id": 12660,
                "name": "Wooden Spoon6501",
                "members": [
                    
                ]
            },
            {
                "id": 13134,
                "name": "Table Spoon123",
                "members": [
                    
                ]
            },
            {
                "id": 13337,
                "name": "Wooden Spoon01",
                "members": [
                    
                ]
            },
            {
                "id": 12960,
                "name": "Wooden Spoon5432",
                "members": [
                    
                ]
            },
            {
                "id": 13342,
                "name": "Wooden Spoon657412",
                "members": [
                    
                ]
            },
            {
                "id": 14061,
                "name": "Wooden SpoonZ",
                "members": [
                    
                ]
            },
            {
                "id": 13802,
                "name": "Wooden Spoon12df56",
                "members": [
                    
                ]
            },
            {
                "id": 13404,
                "name": "Wooden Spoon7677",
                "members": [
                    
                ]
            },
            {
                "id": 14067,
                "name": "Wooden SpoonZa39177",
                "members": [
                    
                ]
            },
            {
                "id": 13857,
                "name": "Wooden08",
                "members": [
                    
                ]
            },
            {
                "id": 13862,
                "name": "Wooden Spoon3115355",
                "members": [
                    
                ]
            },
            {
                "id": 14595,
                "name": "Wooden Spoon36047",
                "members": [
                    
                ]
            },
            {
                "id": 17198,
                "name": "Dummies",
                "members": [
                    
                ]
            },
            {
                "id": 12092,
                "name": "WoodenAll12311",
                "members": [
                    
                ]
            },
            {
                "id": 12039,
                "name": "Wooden Spoon909",
                "members": [
                    
                ]
            },
            {
                "id": 12045,
                "name": "WoodenAll",
                "members": [
                    
                ]
            },
            {
                "id": 12096,
                "name": "Wooden Spoon65334",
                "members": [
                    
                ]
            },
            {
                "id": 12607,
                "name": "Wooden Spoon6888",
                "members": [
                    
                ]
            },
            {
                "id": 12182,
                "name": "Wooden Spoon404",
                "members": [
                    
                ]
            },
            {
                "id": 12200,
                "name": "MuNull",
                "members": [
                    
                ]
            },
            {
                "id": 12201,
                "name": "Wooden Spoon7656",
                "members": [
                    
                ]
            },
            {
                "id": 12202,
                "name": "MNull",
                "members": [
                    
                ]
            },
            {
                "id": 12217,
                "name": "ALittleBitMorePlease",
                "members": [
                    
                ]
            },
            {
                "id": 12220,
                "name": "MG1234",
                "members": [
                    
                ]
            },
            {
                "id": 12222,
                "name": "MG21",
                "members": [
                    
                ]
            },
            {
                "id": 12246,
                "name": "Wooden Spoon98273",
                "members": [
                    
                ]
            },
            {
                "id": 12278,
                "name": "Wooden Forkk",
                "members": [
                    
                ]
            },
            {
                "id": 12283,
                "name": "Wooden Spoon6894",
                "members": [
                    
                ]
            },
            {
                "id": 12314,
                "name": "Table Spoon",
                "members": [
                    
                ]
            },
            {
                "id": 12745,
                "name": "Wooden Spoon1819",
                "members": [
                    
                ]
            },
            {
                "id": 13255,
                "name": "Wooden Spoon95627",
                "members": [
                    
                ]
            },
            {
                "id": 12897,
                "name": "Marie",
                "members": [
                    
                ]
            },
            {
                "id": 12839,
                "name": "Cucumber998",
                "members": [
                    
                ]
            },
            {
                "id": 12568,
                "name": "Wooden Spoon45454",
                "members": [
                    
                ]
            },
            {
                "id": 12572,
                "name": "Wooden Spoon6000",
                "members": [
                    
                ]
            },
            {
                "id": 12581,
                "name": "Wooden Spoon2014",
                "members": [
                    
                ]
            },
            {
                "id": 12583,
                "name": "Wooden Spoon8889",
                "members": [
                    
                ]
            },
            {
                "id": 12588,
                "name": "Wooden SpoonXII",
                "members": [
                    
                ]
            },
            {
                "id": 12922,
                "name": "WWooden SSpoon9",
                "members": [
                    
                ]
            },
            {
                "id": 13914,
                "name": "Wooden Spoon6562",
                "members": [
                    
                ]
            },
            {
                "id": 12700,
                "name": "Wooden Spoon656774",
                "members": [
                    
                ]
            },
            {
                "id": 12705,
                "name": "Wooden Spoon4545",
                "members": [
                    
                ]
            },
            {
                "id": 13331,
                "name": "Wooden Spoon9636363",
                "members": [
                    
                ]
            },
            {
                "id": 12965,
                "name": "Cucumber48",
                "members": [
                    
                ]
            },
            {
                "id": 13499,
                "name": "Wooden Spoon02",
                "members": [
                    
                ]
            },
            {
                "id": 13346,
                "name": "Wooden Spoon3215687",
                "members": [
                    
                ]
            },
            {
                "id": 12729,
                "name": "Wooden Spoon45334",
                "members": [
                    
                ]
            },
            {
                "id": 13372,
                "name": "Wooden Spoonked",
                "members": [
                    
                ]
            },
            {
                "id": 13609,
                "name": "Wooden Spoon30093",
                "members": [
                    
                ]
            },
            {
                "id": 13978,
                "name": "Entarisi DimDim",
                "members": [
                    
                ]
            },
            {
                "id": 13986,
                "name": "Wooden Spoon2325",
                "members": [
                    
                ]
            },
            {
                "id": 13707,
                "name": "Hello Team",
                "members": [
                    
                ]
            },
            {
                "id": 13712,
                "name": "Wooden Spoon10777",
                "members": [
                    
                ]
            },
            {
                "id": 14064,
                "name": "Wooden SpoonZa77",
                "members": [
                    
                ]
            },
            {
                "id": 14130,
                "name": "ZafuerZafur",
                "members": [
                    
                ]
            },
            {
                "id": 14132,
                "name": "Wooden Spoon32156871",
                "members": [
                    
                ]
            },
            {
                "id": 13845,
                "name": "Wooden02",
                "members": [
                    
                ]
            },
            {
                "id": 13848,
                "name": "Wooden Spoon3215655",
                "members": [
                    
                ]
            },
            {
                "id": 13849,
                "name": "Wooden04",
                "members": [
                    
                ]
            },
            {
                "id": 13855,
                "name": "Wooden06",
                "members": [
                    
                ]
            },
            {
                "id": 13858,
                "name": "Wooden09",
                "members": [
                    
                ]
            },
            {
                "id": 13860,
                "name": "Wooden11",
                "members": [
                    
                ]
            },
            {
                "id": 13867,
                "name": "Wooden Spoon 12",
                "members": [
                    
                ]
            },
            {
                "id": 13870,
                "name": "Wooden Spoon3444",
                "members": [
                    
                ]
            },
            {
                "id": 14190,
                "name": "Cucumber909",
                "members": [
                    
                ]
            },
            {
                "id": 14596,
                "name": "Wooden Spoon36237",
                "members": [
                    
                ]
            },
            {
                "id": 12095,
                "name": "Wooden Spoon6537134234",
                "members": [
                    
                ]
            },
            {
                "id": 12183,
                "name": "WoodenSpoon6579",
                "members": [
                    
                ]
            },
            {
                "id": 12203,
                "name": "MmmNull",
                "members": [
                    
                ]
            },
            {
                "id": 12207,
                "name": "SG",
                "members": [
                    
                ]
            },
            {
                "id": 12213,
                "name": "MG12",
                "members": [
                    
                ]
            },
            {
                "id": 12231,
                "name": "MG201",
                "members": [
                    
                ]
            },
            {
                "id": 12267,
                "name": "Wooden Spoon5427",
                "members": [
                    
                ]
            },
            {
                "id": 12284,
                "name": "Wooden Spoon1500",
                "members": [
                    
                ]
            },
            {
                "id": 12317,
                "name": "Wooden Spoon773",
                "members": [
                    
                ]
            },
            {
                "id": 12326,
                "name": "bowowwwoo",
                "members": [
                    
                ]
            },
            {
                "id": 12608,
                "name": "Wooden Spoon5846",
                "members": [
                    
                ]
            },
            {
                "id": 12615,
                "name": "Wooden Spoon7543",
                "members": [
                    
                ]
            },
            {
                "id": 12543,
                "name": "Wooden Spoon10007",
                "members": [
                    
                ]
            },
            {
                "id": 12549,
                "name": "Wooden Spoon23112",
                "members": [
                    
                ]
            },
            {
                "id": 12563,
                "name": "Wooden Spoon7777777",
                "members": [
                    
                ]
            },
            {
                "id": 12564,
                "name": "Wooden Spoon6589",
                "members": [
                    
                ]
            },
            {
                "id": 12565,
                "name": "Wooden Spoon6610",
                "members": [
                    
                ]
            },
            {
                "id": 12566,
                "name": "Wooden Spoon656734",
                "members": [
                    
                ]
            },
            {
                "id": 12567,
                "name": "Wooden Spoon9",
                "members": [
                    
                ]
            },
            {
                "id": 12573,
                "name": "Wooden Spoon65009",
                "members": [
                    
                ]
            },
            {
                "id": 12575,
                "name": "Wooden Spoon13383",
                "members": [
                    
                ]
            },
            {
                "id": 12585,
                "name": "Wooden Spoon65174",
                "members": [
                    
                ]
            },
            {
                "id": 12591,
                "name": "Wooden Spoon65476",
                "members": [
                    
                ]
            },
            {
                "id": 12592,
                "name": "Wooden Spoon99877",
                "members": [
                    
                ]
            },
            {
                "id": 12623,
                "name": "Wooden Spoon61h78",
                "members": [
                    
                ]
            },
            {
                "id": 12771,
                "name": "Wooden Spoon1894",
                "members": [
                    
                ]
            },
            {
                "id": 13916,
                "name": "Wooden Spoon5268",
                "members": [
                    
                ]
            },
            {
                "id": 12640,
                "name": "Wooden Spoon 1737",
                "members": [
                    
                ]
            },
            {
                "id": 12902,
                "name": "Wooden Spoon6269604",
                "members": [
                    
                ]
            },
            {
                "id": 14011,
                "name": "Wooden Spoon321568587",
                "members": [
                    
                ]
            },
            {
                "id": 12836,
                "name": "Wooden Spoon7586",
                "members": [
                    
                ]
            },
            {
                "id": 12866,
                "name": "Wooden Spoon8074",
                "members": [
                    
                ]
            },
            {
                "id": 12974,
                "name": "Avengers113",
                "members": [
                    
                ]
            },
            {
                "id": 12878,
                "name": "Avengers111",
                "members": [
                    
                ]
            },
            {
                "id": 13639,
                "name": "full stack tester0111665588",
                "members": [
                    
                ]
            },
            {
                "id": 14028,
                "name": "Wooden Spoon3214",
                "members": [
                    
                ]
            },
            {
                "id": 13381,
                "name": "Wooden Spoon2307987",
                "members": [
                    
                ]
            },
            {
                "id": 14066,
                "name": "Wooden SpoonZa3977",
                "members": [
                    
                ]
            },
            {
                "id": 13203,
                "name": "Wooden Spood9m",
                "members": [
                    
                ]
            },
            {
                "id": 13750,
                "name": "MG207",
                "members": [
                    
                ]
            },
            {
                "id": 14068,
                "name": "Wooden SpoonZa391277",
                "members": [
                    
                ]
            },
            {
                "id": 14133,
                "name": "Wooden Spoon321568712",
                "members": [
                    
                ]
            },
            {
                "id": 13850,
                "name": "Wooden05",
                "members": [
                    
                ]
            },
            {
                "id": 13875,
                "name": "Wooden Spoon964444",
                "members": [
                    
                ]
            },
            {
                "id": 14597,
                "name": "Wooden Spoon31137",
                "members": [
                    
                ]
            },
            {
                "id": 17260,
                "name": "Invisible",
                "members": [
                    
                ]
            },
            {
                "id": 12772,
                "name": "Wooden Spoon62644",
                "members": [
                    
                ]
            },
            {
                "id": 12042,
                "name": "Wooden Spoon4536",
                "members": [
                    
                ]
            },
            {
                "id": 12070,
                "name": "Wooden Spoon6544",
                "members": [
                    
                ]
            },
            {
                "id": 12107,
                "name": "Wooden Spoon 108",
                "members": [
                    
                ]
            },
            {
                "id": 12185,
                "name": "WoodenSpoon00000000",
                "members": [
                    
                ]
            },
            {
                "id": 12192,
                "name": "Null noops10",
                "members": [
                    
                ]
            },
            {
                "id": 12205,
                "name": "Wooden Spoon5968",
                "members": [
                    
                ]
            },
            {
                "id": 12208,
                "name": "Wooden Spoon1",
                "members": [
                    
                ]
            },
            {
                "id": 12219,
                "name": "FairyTALE",
                "members": [
                    
                ]
            },
            {
                "id": 12230,
                "name": "MG211",
                "members": [
                    
                ]
            },
            {
                "id": 12269,
                "name": "Wooden Spoon5727",
                "members": [
                    
                ]
            },
            {
                "id": 12295,
                "name": "Wooden Spoon230598",
                "members": [
                    
                ]
            },
            {
                "id": 12325,
                "name": "Metal Spoon100",
                "members": [
                    
                ]
            },
            {
                "id": 12334,
                "name": "Karate people",
                "members": [
                    
                ]
            },
            {
                "id": 12895,
                "name": "Woooden Spoon6574",
                "members": [
                    
                ]
            },
            {
                "id": 12900,
                "name": "Wooden Spoon 1111",
                "members": [
                    
                ]
            },
            {
                "id": 12415,
                "name": "Wooden Spoon3003",
                "members": [
                    
                ]
            },
            {
                "id": 12547,
                "name": "Wooden Spoon45667",
                "members": [
                    
                ]
            },
            {
                "id": 12553,
                "name": "WoodenSpoo",
                "members": [
                    
                ]
            },
            {
                "id": 12593,
                "name": "Wooden Spoon65741",
                "members": [
                    
                ]
            },
            {
                "id": 12906,
                "name": "Desroches",
                "members": [
                    
                ]
            },
            {
                "id": 12655,
                "name": "Wooden Spoon45646",
                "members": [
                    
                ]
            },
            {
                "id": 12697,
                "name": "Wooden Spoon9567",
                "members": [
                    
                ]
            },
            {
                "id": 12795,
                "name": "Wooden Spoon4536734",
                "members": [
                    
                ]
            },
            {
                "id": 12819,
                "name": "Wooden Spoon1212345",
                "members": [
                    
                ]
            },
            {
                "id": 12833,
                "name": "Olga111",
                "members": [
                    
                ]
            },
            {
                "id": 12843,
                "name": "Wooden Spoon199894",
                "members": [
                    
                ]
            },
            {
                "id": 13917,
                "name": "Wooden Spoon526",
                "members": [
                    
                ]
            },
            {
                "id": 12942,
                "name": "Avengers112",
                "members": [
                    
                ]
            },
            {
                "id": 13142,
                "name": "Wooden Spoonmxt8",
                "members": [
                    
                ]
            },
            {
                "id": 14038,
                "name": "Wooden Spoon6363",
                "members": [
                    
                ]
            },
            {
                "id": 14039,
                "name": "Wooden Spoon6999",
                "members": [
                    
                ]
            },
            {
                "id": 13795,
                "name": "Wooden Spoon97768",
                "members": [
                    
                ]
            },
            {
                "id": 14135,
                "name": "Wooden Spoon654345656677",
                "members": [
                    
                ]
            },
            {
                "id": 14136,
                "name": "Wooden Spoon654345656",
                "members": [
                    
                ]
            },
            {
                "id": 13222,
                "name": "Avengers118",
                "members": [
                    
                ]
            },
            {
                "id": 13836,
                "name": "Ihor Spoon273",
                "members": [
                    
                ]
            },
            {
                "id": 12610,
                "name": "Wooden Spoon65501",
                "members": [
                    
                ]
            },
            {
                "id": 12617,
                "name": "Wooden Spoon9842",
                "members": [
                    
                ]
            },
            {
                "id": 12618,
                "name": "Wooden qazan team",
                "members": [
                    
                ]
            },
            {
                "id": 12186,
                "name": "Null Spoon",
                "members": [
                    
                ]
            },
            {
                "id": 12190,
                "name": "Wooden Spoon996",
                "members": [
                    
                ]
            },
            {
                "id": 12218,
                "name": "MG123",
                "members": [
                    
                ]
            },
            {
                "id": 12221,
                "name": "MG2",
                "members": [
                    
                ]
            },
            {
                "id": 12619,
                "name": "Wooden Spoon0001",
                "members": [
                    
                ]
            },
            {
                "id": 12227,
                "name": "MG221",
                "members": [
                    
                ]
            },
            {
                "id": 12622,
                "name": "Wooden Spoon7345",
                "members": [
                    
                ]
            },
            {
                "id": 12046,
                "name": "Wooden Spoon4478",
                "members": [
                    
                ]
            },
            {
                "id": 13081,
                "name": "Wooden Spoon19051905",
                "members": [
                    
                ]
            },
            {
                "id": 13269,
                "name": "Wooden Spoon1897",
                "members": [
                    
                ]
            },
            {
                "id": 13501,
                "name": "full stack tester011166",
                "members": [
                    
                ]
            },
            {
                "id": 12780,
                "name": "Wooden Spoon6819",
                "members": [
                    
                ]
            },
            {
                "id": 12799,
                "name": "Wooden Spoon7578",
                "members": [
                    
                ]
            },
            {
                "id": 13919,
                "name": "Wooden Spoon976164",
                "members": [
                    
                ]
            },
            {
                "id": 12453,
                "name": "full stack tester011111",
                "members": [
                    
                ]
            },
            {
                "id": 12803,
                "name": "Olga",
                "members": [
                    
                ]
            },
            {
                "id": 12808,
                "name": "Wooden Spoon9658",
                "members": [
                    
                ]
            },
            {
                "id": 12559,
                "name": "Wooden Spoon happyyyy againffsefekgegegjoerefglef",
                "members": [
                    
                ]
            },
            {
                "id": 12569,
                "name": "Wooden Spoon7745",
                "members": [
                    
                ]
            },
            {
                "id": 13329,
                "name": "Joya SDET2022",
                "members": [
                    
                ]
            },
            {
                "id": 12574,
                "name": "Wooden Spoon691",
                "members": [
                    
                ]
            },
            {
                "id": 12576,
                "name": "Wooden Spoon2305987",
                "members": [
                    
                ]
            },
            {
                "id": 12578,
                "name": "Wooden Spoon7e648",
                "members": [
                    
                ]
            },
            {
                "id": 12835,
                "name": "Mo454",
                "members": [
                    
                ]
            },
            {
                "id": 13653,
                "name": "Wooden Spoon 1738",
                "members": [
                    
                ]
            },
            {
                "id": 13992,
                "name": "Wooden Spoon4206969",
                "members": [
                    
                ]
            },
            {
                "id": 13801,
                "name": "Wooden Spoon1256",
                "members": [
                    
                ]
            },
            {
                "id": 13842,
                "name": "Wooden01",
                "members": [
                    
                ]
            },
            {
                "id": 13844,
                "name": "Wooden Spoon61kh78",
                "members": [
                    
                ]
            },
            {
                "id": 13856,
                "name": "Wooden07",
                "members": [
                    
                ]
            },
            {
                "id": 13869,
                "name": "Wooden Spoon2544",
                "members": [
                    
                ]
            }
        ]
    },
    {
        "number": 8,
        "isGraduated": false,
        "teams": [
            {
                "id": 11629,
                "name": "Nukes",
                "members": [
                    {
                        "id": 17536,
                        "firstName": "Lissie",
                        "lastName": "Finnes",
                        "role": "student-team-leader"
                    },
                    {
                        "id": 17445,
                        "firstName": "Alina",
                        "lastName": "Zarr",
                        "role": "student-team-member"
                    },
                    {
                        "id": 17131,
                        "firstName": "Nenad",
                        "lastName": "Volkan",
                        "role": "student-team-member"
                    },
                    {
                        "id": 17207,
                        "firstName": "mike",
                        "lastName": "smith",
                        "role": "student-team-member"
                    },
                    {
                        "id": 17447,
                        "firstName": "Mike",
                        "lastName": "Smith",
                        "role": "student-team-member"
                    },
                    {
                        "id": 17126,
                        "firstName": "Mike",
                        "lastName": "Smith",
                        "role": "student-team-member"
                    },
                    {
                        "id": 17150,
                        "firstName": "Mike",
                        "lastName": "Smith",
                        "role": "student-team-member"
                    },
                    {
                        "id": 17152,
                        "firstName": "Mike",
                        "lastName": "Smith",
                        "role": "student-team-member"
                    },
                    {
                        "id": 17121,
                        "firstName": "Mike",
                        "lastName": "Smith",
                        "role": "student-team-member"
                    },
                    {
                        "id": 17122,
                        "firstName": "Mike",
                        "lastName": "Smith",
                        "role": "student-team-member"
                    },
                    {
                        "id": 17450,
                        "firstName": "Mike",
                        "lastName": "Smith",
                        "role": "student-team-member"
                    },
                    {
                        "id": 17163,
                        "firstName": "John",
                        "lastName": "Smith",
                        "role": "student-team-member"
                    },
                    {
                        "id": 17208,
                        "firstName": "Mike",
                        "lastName": "Smith",
                        "role": "student-team-member"
                    },
                    {
                        "id": 17124,
                        "firstName": "Mike",
                        "lastName": "Smith",
                        "role": "student-team-member"
                    },
                    {
                        "id": 17451,
                        "firstName": "Maharram",
                        "lastName": "Rafiyev",
                        "role": "student-team-leader"
                    },
                    {
                        "id": 17136,
                        "firstName": "Mike",
                        "lastName": "Smith",
                        "role": "student-team-member"
                    },
                    {
                        "id": 17688,
                        "firstName": "harold",
                        "lastName": "finch",
                        "role": "student-team-leader"
                    },
                    {
                        "id": 17128,
                        "firstName": "Mike",
                        "lastName": "Smith",
                        "role": "student-team-member"
                    },
                    {
                        "id": 17155,
                        "firstName": "james",
                        "lastName": "bondd",
                        "role": "student-team-member"
                    },
                    {
                        "id": 17453,
                        "firstName": "Mike",
                        "lastName": "Smith",
                        "role": "student-team-member"
                    },
                    {
                        "id": 17197,
                        "firstName": "Mike",
                        "lastName": "Smith",
                        "role": "student-team-member"
                    },
                    {
                        "id": 17454,
                        "firstName": "Mike",
                        "lastName": "Smith",
                        "role": "student-team-member"
                    },
                    {
                        "id": 17144,
                        "firstName": "mike",
                        "lastName": "smith",
                        "role": "student-team-member"
                    },
                    {
                        "id": 17140,
                        "firstName": "Mike",
                        "lastName": "Smith",
                        "role": "student-team-member"
                    },
                    {
                        "id": 17458,
                        "firstName": "Mike",
                        "lastName": "Smith",
                        "role": "student-team-member"
                    },
                    {
                        "id": 17459,
                        "firstName": "Mike",
                        "lastName": "Smith",
                        "role": "student-team-member"
                    },
                    {
                        "id": 17206,
                        "firstName": "Mike",
                        "lastName": "Smith",
                        "role": "student-team-member"
                    },
                    {
                        "id": 17201,
                        "firstName": "mike",
                        "lastName": "smith",
                        "role": "student-team-member"
                    },
                    {
                        "id": 17470,
                        "firstName": "Mike",
                        "lastName": "Borodiuk",
                        "role": "student-team-member"
                    },
                    {
                        "id": 17471,
                        "firstName": "Mike",
                        "lastName": "Borodiuk",
                        "role": "student-team-member"
                    },
                    {
                        "id": 17472,
                        "firstName": "Mike",
                        "lastName": "Borodiuk",
                        "role": "student-team-member"
                    },
                    {
                        "id": 17473,
                        "firstName": "Mike",
                        "lastName": "Borodiuk",
                        "role": "student-team-member"
                    },
                    {
                        "id": 17474,
                        "firstName": "Mike",
                        "lastName": "Borodiuk",
                        "role": "student-team-member"
                    },
                    {
                        "id": 17475,
                        "firstName": "Mike",
                        "lastName": "Borodiuk",
                        "role": "student-team-member"
                    },
                    {
                        "id": 17476,
                        "firstName": "Mike",
                        "lastName": "Borodiuk",
                        "role": "student-team-member"
                    },
                    {
                        "id": 17477,
                        "firstName": "Mike",
                        "lastName": "Borodiuk",
                        "role": "student-team-member"
                    },
                    {
                        "id": 17478,
                        "firstName": "Mike",
                        "lastName": "Borodiuk",
                        "role": "student-team-member"
                    },
                    {
                        "id": 17479,
                        "firstName": "Rollin",
                        "lastName": "Dietrich",
                        "role": "student-team-member"
                    },
                    {
                        "id": 17147,
                        "firstName": "Jain",
                        "lastName": "Boss",
                        "role": "student-team-leader"
                    },
                    {
                        "id": 17221,
                        "firstName": "Ayla",
                        "lastName": "Mccandles",
                        "role": "student-team-member"
                    },
                    {
                        "id": 17559,
                        "firstName": "Mike",
                        "lastName": "Smith",
                        "role": "student-team-member"
                    },
                    {
                        "id": 17569,
                        "firstName": "Angelina",
                        "lastName": "Smith",
                        "role": "student-team-member"
                    },
                    {
                        "id": 17566,
                        "firstName": "Angelina",
                        "lastName": "Smith",
                        "role": "student-team-member"
                    },
                    {
                        "id": 17570,
                        "firstName": "Angelina",
                        "lastName": "Smith",
                        "role": "student-team-member"
                    },
                    {
                        "id": 17571,
                        "firstName": "Angelina",
                        "lastName": "Smith",
                        "role": "student-team-member"
                    },
                    {
                        "id": 17575,
                        "firstName": "Angelina",
                        "lastName": "Smith",
                        "role": "student-team-member"
                    },
                    {
                        "id": 17573,
                        "firstName": "Angelina",
                        "lastName": "Smith",
                        "role": "student-team-member"
                    },
                    {
                        "id": 17558,
                        "firstName": "Mike",
                        "lastName": "Smith",
                        "role": "student-team-member"
                    },
                    {
                        "id": 17560,
                        "firstName": "Mike",
                        "lastName": "Smith",
                        "role": "student-team-member"
                    },
                    {
                        "id": 17562,
                        "firstName": "Mike",
                        "lastName": "Smith",
                        "role": "student-team-member"
                    },
                    {
                        "id": 17564,
                        "firstName": "Mike",
                        "lastName": "Smith",
                        "role": "student-team-member"
                    },
                    {
                        "id": 17567,
                        "firstName": "Angelina",
                        "lastName": "Smith",
                        "role": "student-team-member"
                    },
                    {
                        "id": 17572,
                        "firstName": "Angelina",
                        "lastName": "Smith",
                        "role": "student-team-member"
                    },
                    {
                        "id": 17561,
                        "firstName": "Mike",
                        "lastName": "Smith",
                        "role": "student-team-member"
                    },
                    {
                        "id": 17098,
                        "firstName": "mike",
                        "lastName": "smith",
                        "role": "student-team-member"
                    },
                    {
                        "id": 17563,
                        "firstName": "Mike",
                        "lastName": "Smith",
                        "role": "student-team-member"
                    },
                    {
                        "id": 17565,
                        "firstName": "Mike",
                        "lastName": "Smith",
                        "role": "student-team-member"
                    },
                    {
                        "id": 17568,
                        "firstName": "Angelina",
                        "lastName": "Smith",
                        "role": "student-team-member"
                    },
                    {
                        "id": 17574,
                        "firstName": "Angelina",
                        "lastName": "Smith",
                        "role": "student-team-member"
                    },
                    {
                        "id": 17592,
                        "firstName": "harold",
                        "lastName": "finch",
                        "role": "student-team-leader"
                    },
                    {
                        "id": 17593,
                        "firstName": "harold",
                        "lastName": "finch",
                        "role": "student-team-leader"
                    },
                    {
                        "id": 17594,
                        "firstName": "harold",
                        "lastName": "finch",
                        "role": "student-team-leader"
                    },
                    {
                        "id": 17595,
                        "firstName": "harold",
                        "lastName": "finch",
                        "role": "student-team-leader"
                    },
                    {
                        "id": 17242,
                        "firstName": "Mike",
                        "lastName": "Smith",
                        "role": "student-team-member"
                    },
                    {
                        "id": 17243,
                        "firstName": "Mike",
                        "lastName": "Smith",
                        "role": "student-team-member"
                    },
                    {
                        "id": 17246,
                        "firstName": "Mike",
                        "lastName": "Smith",
                        "role": "student-team-member"
                    },
                    {
                        "id": 17491,
                        "firstName": "reyes",
                        "lastName": "bamaca",
                        "role": "student-team-member"
                    },
                    {
                        "id": 17245,
                        "firstName": "Mike",
                        "lastName": "Smith",
                        "role": "student-team-member"
                    },
                    {
                        "id": 17247,
                        "firstName": "Mike",
                        "lastName": "Smith",
                        "role": "student-team-member"
                    },
                    {
                        "id": 17250,
                        "firstName": "Suzan",
                        "lastName": "smith",
                        "role": "student-team-member"
                    },
                    {
                        "id": 17495,
                        "firstName": "Mike",
                        "lastName": "Smith",
                        "role": "student-team-member"
                    },
                    {
                        "id": 17497,
                        "firstName": "David",
                        "lastName": "Smith",
                        "role": "student-team-member"
                    },
                    {
                        "id": 17094,
                        "firstName": "mike",
                        "lastName": "smith",
                        "role": "student-team-member"
                    },
                    {
                        "id": 17275,
                        "firstName": "Mike",
                        "lastName": "Smith",
                        "role": "student-team-member"
                    },
                    {
                        "id": 17091,
                        "firstName": "mike",
                        "lastName": "smith",
                        "role": "student-team-member"
                    },
                    {
                        "id": 17096,
                        "firstName": "Mike",
                        "lastName": "Smith",
                        "role": "student-team-member"
                    },
                    {
                        "id": 17095,
                        "firstName": "Nike",
                        "lastName": "Smith",
                        "role": "student-team-member"
                    },
                    {
                        "id": 17503,
                        "firstName": "Mike",
                        "lastName": "Smith",
                        "role": "student-team-member"
                    },
                    {
                        "id": 17378,
                        "firstName": "Mike",
                        "lastName": "Smith",
                        "role": "student-team-member"
                    },
                    {
                        "id": 17504,
                        "firstName": "Nike",
                        "lastName": "Smith",
                        "role": "student-team-member"
                    },
                    {
                        "id": 17505,
                        "firstName": "Mishka",
                        "lastName": "Bear",
                        "role": "student-team-leader"
                    },
                    {
                        "id": 17322,
                        "firstName": "Rufat",
                        "lastName": "Huseynov",
                        "role": "student-team-member"
                    },
                    {
                        "id": 17367,
                        "firstName": "mike",
                        "lastName": "smith",
                        "role": "student-team-member"
                    },
                    {
                        "id": 17361,
                        "firstName": "Mike",
                        "lastName": "Smith",
                        "role": "student-team-member"
                    },
                    {
                        "id": 17373,
                        "firstName": "mike",
                        "lastName": "smith",
                        "role": "student-team-member"
                    },
                    {
                        "id": 17381,
                        "firstName": "Raymond",
                        "lastName": "Reddington",
                        "role": "student-team-member"
                    },
                    {
                        "id": 17385,
                        "firstName": "mike",
                        "lastName": "smith",
                        "role": "student-team-member"
                    },
                    {
                        "id": 17387,
                        "firstName": "Mike",
                        "lastName": "Smith",
                        "role": "student-team-member"
                    },
                    {
                        "id": 17388,
                        "firstName": "Mike",
                        "lastName": "Smith",
                        "role": "student-team-member"
                    },
                    {
                        "id": 17512,
                        "firstName": "mike",
                        "lastName": "smith",
                        "role": "student-team-member"
                    },
                    {
                        "id": 17413,
                        "firstName": "Mike",
                        "lastName": "Smith",
                        "role": "student-team-member"
                    },
                    {
                        "id": 17414,
                        "firstName": "Mike",
                        "lastName": "Smith",
                        "role": "student-team-member"
                    },
                    {
                        "id": 17427,
                        "firstName": "mike",
                        "lastName": "smith",
                        "role": "student-team-member"
                    },
                    {
                        "id": 17516,
                        "firstName": "harold",
                        "lastName": "finch",
                        "role": "student-team-leader"
                    },
                    {
                        "id": 17428,
                        "firstName": "Natalia",
                        "lastName": "NG",
                        "role": "student-team-member"
                    },
                    {
                        "id": 17429,
                        "firstName": "natalia",
                        "lastName": "ng",
                        "role": "student-team-member"
                    },
                    {
                        "id": 17520,
                        "firstName": "henry",
                        "lastName": "hukers",
                        "role": "student-team-leader"
                    },
                    {
                        "id": 17521,
                        "firstName": "Mishka",
                        "lastName": "Bear",
                        "role": "student-team-leader"
                    },
                    {
                        "id": 17440,
                        "firstName": "Mike",
                        "lastName": "Smith",
                        "role": "student-team-member"
                    },
                    {
                        "id": 17432,
                        "firstName": "mike",
                        "lastName": "smith",
                        "role": "student-team-member"
                    },
                    {
                        "id": 17522,
                        "firstName": "Mikea",
                        "lastName": "Smitha",
                        "role": "student-team-member"
                    },
                    {
                        "id": 17439,
                        "firstName": "Mike",
                        "lastName": "Smith",
                        "role": "student-team-member"
                    },
                    {
                        "id": 17523,
                        "firstName": "Mikea1",
                        "lastName": "Smitha1",
                        "role": "student-team-member"
                    },
                    {
                        "id": 16957,
                        "firstName": "mike",
                        "lastName": "smith",
                        "role": "student-team-member"
                    },
                    {
                        "id": 16960,
                        "firstName": "Mike",
                        "lastName": "Smith",
                        "role": "student-team-member"
                    },
                    {
                        "id": 16962,
                        "firstName": "mike",
                        "lastName": "smith",
                        "role": "student-team-member"
                    },
                    {
                        "id": 16963,
                        "firstName": "mike",
                        "lastName": "smith",
                        "role": "student-team-member"
                    },
                    {
                        "id": 16966,
                        "firstName": "mike",
                        "lastName": "smith",
                        "role": "student-team-member"
                    },
                    {
                        "id": 16969,
                        "firstName": "Mike",
                        "lastName": "Smith",
                        "role": "student-team-member"
                    },
                    {
                        "id": 16983,
                        "firstName": "mike",
                        "lastName": "smith",
                        "role": "student-team-member"
                    },
                    {
                        "id": 16985,
                        "firstName": "mike",
                        "lastName": "smith",
                        "role": "student-team-member"
                    },
                    {
                        "id": 16986,
                        "firstName": "jane",
                        "lastName": "mitch",
                        "role": "student-team-member"
                    },
                    {
                        "id": 16987,
                        "firstName": "Mike",
                        "lastName": "Smith",
                        "role": "student-team-member"
                    }
                ]
            },
            {
                "id": 15793,
                "name": "Silver Spoons",
                "members": [
                    
                ]
            },
            {
                "id": 12214,
                "name": "Spoon",
                "members": [
                    
                ]
            },
            {
                "id": 14178,
                "name": "KHAY",
                "members": [
                    
                ]
            },
            {
                "id": 14179,
                "name": "Alaa",
                "members": [
                    
                ]
            },
            {
                "id": 14180,
                "name": "mama",
                "members": [
                    
                ]
            },
            {
                "id": 14181,
                "name": "nana",
                "members": [
                    
                ]
            },
            {
                "id": 14182,
                "name": "nanal",
                "members": [
                    
                ]
            },
            {
                "id": 14183,
                "name": "kkkk1",
                "members": [
                    
                ]
            },
            {
                "id": 17162,
                "name": "Dummies",
                "members": [
                    
                ]
            }
        ]
    },
    {
        "number": 36,
        "isGraduated": false,
        "teams": [
            {
                "id": 17417,
                "name": "Legendsj227",
                "members": [
                    
                ]
            }
        ]
    },
    {
        "number": 37,
        "isGraduated": false,
        "teams": [
            {
                "id": 17418,
                "name": "Legendsj227",
                "members": [
                    
                ]
            }
        ]
    },
    {
        "number": 26,
        "isGraduated": false,
        "teams": [
            {
                "id": 17338,
                "name": "Legendary05",
                "members": [
                    
                ]
            },
            {
                "id": 17339,
                "name": "Legendary55",
                "members": [
                    
                ]
            },
            {
                "id": 15172,
                "name": "Wooden Spoon321535",
                "members": [
                    
                ]
            },
            {
                "id": 15181,
                "name": "LeagueNational",
                "members": [
                    
                ]
            },
            {
                "id": 15182,
                "name": "Wooden Spoon38999",
                "members": [
                    
                ]
            },
            {
                "id": 17347,
                "name": "Legends61",
                "members": [
                    
                ]
            },
            {
                "id": 14961,
                "name": "Wooden Spoon18dfg7",
                "members": [
                    
                ]
            },
            {
                "id": 14970,
                "name": "Wooden Spoon7717",
                "members": [
                    
                ]
            },
            {
                "id": 14972,
                "name": "Wooden Spoon7771",
                "members": [
                    
                ]
            },
            {
                "id": 14979,
                "name": "Wooden Spoon011",
                "members": [
                    
                ]
            },
            {
                "id": 14986,
                "name": "Wooden Spoon111332",
                "members": [
                    
                ]
            },
            {
                "id": 14991,
                "name": "Wooden Spoon32156874",
                "members": [
                    
                ]
            },
            {
                "id": 14995,
                "name": "Wooden Spoon0619",
                "members": [
                    
                ]
            },
            {
                "id": 15185,
                "name": "Wooden Spoon15794",
                "members": [
                    
                ]
            },
            {
                "id": 15186,
                "name": "TeamA",
                "members": [
                    
                ]
            },
            {
                "id": 15006,
                "name": "Wooden Spoon7772231",
                "members": [
                    
                ]
            },
            {
                "id": 15015,
                "name": "Wooden Spoon878855453",
                "members": [
                    
                ]
            },
            {
                "id": 15094,
                "name": "Wooden Spoon1234555",
                "members": [
                    
                ]
            },
            {
                "id": 15095,
                "name": "Wooden Spoon1sasdf7",
                "members": [
                    
                ]
            },
            {
                "id": 15100,
                "name": "Wooden Spoon1saasdfh7",
                "members": [
                    
                ]
            },
            {
                "id": 15105,
                "name": "Wooden Spoon678912",
                "members": [
                    
                ]
            },
            {
                "id": 15189,
                "name": "TeamABC",
                "members": [
                    
                ]
            },
            {
                "id": 15191,
                "name": "TeamABCD",
                "members": [
                    
                ]
            },
            {
                "id": 15119,
                "name": "Wooden Spoon4963",
                "members": [
                    
                ]
            },
            {
                "id": 15120,
                "name": "Superstar",
                "members": [
                    
                ]
            },
            {
                "id": 15192,
                "name": "TeaM",
                "members": [
                    
                ]
            },
            {
                "id": 15142,
                "name": "Wooden Spoon66544",
                "members": [
                    
                ]
            },
            {
                "id": 15148,
                "name": "Wooden Spoon0067",
                "members": [
                    
                ]
            },
            {
                "id": 15193,
                "name": "TEAM",
                "members": [
                    
                ]
            },
            {
                "id": 16239,
                "name": "Wooden Spoon 58584",
                "members": [
                    
                ]
            },
            {
                "id": 15202,
                "name": "Wooden Spoon32487123",
                "members": [
                    
                ]
            },
            {
                "id": 15784,
                "name": "Wooden Spoon43567",
                "members": [
                    
                ]
            },
            {
                "id": 16241,
                "name": "Wooden Spoon 58445",
                "members": [
                    
                ]
            },
            {
                "id": 16245,
                "name": "Wooden Spoon 58475",
                "members": [
                    
                ]
            },
            {
                "id": 15862,
                "name": "Wooden Spoon9653",
                "members": [
                    
                ]
            },
            {
                "id": 16044,
                "name": "Wooden Spoon87489",
                "members": [
                    
                ]
            },
            {
                "id": 16068,
                "name": "Wooden Spoon18041985",
                "members": [
                    
                ]
            },
            {
                "id": 16091,
                "name": "Wooden Spoon11220137",
                "members": [
                    
                ]
            },
            {
                "id": 17003,
                "name": "Legendsssss",
                "members": [
                    
                ]
            },
            {
                "id": 17072,
                "name": "Winners005",
                "members": [
                    
                ]
            },
            {
                "id": 17093,
                "name": "Spartans102",
                "members": [
                    
                ]
            },
            {
                "id": 15173,
                "name": "Wooden Spoon321111245",
                "members": [
                    
                ]
            },
            {
                "id": 15175,
                "name": "Wooden Spoon0145",
                "members": [
                    
                ]
            },
            {
                "id": 17344,
                "name": "Legends41",
                "members": [
                    
                ]
            },
            {
                "id": 15203,
                "name": "Wooden spon1",
                "members": [
                    
                ]
            },
            {
                "id": 15204,
                "name": "Wooden spo1322221",
                "members": [
                    
                ]
            },
            {
                "id": 17346,
                "name": "Legends51",
                "members": [
                    
                ]
            },
            {
                "id": 16240,
                "name": "Wooden Spoon 5855",
                "members": [
                    
                ]
            },
            {
                "id": 16301,
                "name": "Markiz15",
                "members": [
                    
                ]
            },
            {
                "id": 14964,
                "name": "Shark",
                "members": [
                    
                ]
            },
            {
                "id": 14967,
                "name": "Wooden Spoon1234",
                "members": [
                    
                ]
            },
            {
                "id": 14985,
                "name": "Wooden Spoon67",
                "members": [
                    
                ]
            },
            {
                "id": 14996,
                "name": "Team45",
                "members": [
                    
                ]
            },
            {
                "id": 14998,
                "name": "Joker Joker",
                "members": [
                    
                ]
            },
            {
                "id": 15209,
                "name": "Wooden spo13232221",
                "members": [
                    
                ]
            },
            {
                "id": 15013,
                "name": "Wooden Spoon666",
                "members": [
                    
                ]
            },
            {
                "id": 15097,
                "name": "Wooden Spoon1sasdffgh7",
                "members": [
                    
                ]
            },
            {
                "id": 15797,
                "name": "Wooden Spoon324110",
                "members": [
                    
                ]
            },
            {
                "id": 15117,
                "name": "Wooden Spoon32557",
                "members": [
                    
                ]
            },
            {
                "id": 15133,
                "name": "Wooden Spoon06090",
                "members": [
                    
                ]
            },
            {
                "id": 15134,
                "name": "Wooden Spoon18041988",
                "members": [
                    
                ]
            },
            {
                "id": 15802,
                "name": "Wooden Spoon33424",
                "members": [
                    
                ]
            },
            {
                "id": 15809,
                "name": "Wooden Spoon88800",
                "members": [
                    
                ]
            },
            {
                "id": 15852,
                "name": "Wooden Spoon7897",
                "members": [
                    
                ]
            },
            {
                "id": 16054,
                "name": "Wooden Spoon87",
                "members": [
                    
                ]
            },
            {
                "id": 16093,
                "name": "Wooden Spoon3218765",
                "members": [
                    
                ]
            },
            {
                "id": 17075,
                "name": "Winners007",
                "members": [
                    
                ]
            },
            {
                "id": 17077,
                "name": "Legends09",
                "members": [
                    
                ]
            },
            {
                "id": 17107,
                "name": "Spartans103",
                "members": [
                    
                ]
            },
            {
                "id": 17118,
                "name": "Legends28",
                "members": [
                    
                ]
            },
            {
                "id": 17127,
                "name": "Spartans22222",
                "members": [
                    
                ]
            },
            {
                "id": 17153,
                "name": "Lau7",
                "members": [
                    
                ]
            },
            {
                "id": 17182,
                "name": "Legends025",
                "members": [
                    
                ]
            },
            {
                "id": 17184,
                "name": "Legends0252",
                "members": [
                    
                ]
            },
            {
                "id": 17215,
                "name": "Legends0123231",
                "members": [
                    
                ]
            },
            {
                "id": 17329,
                "name": "Legendary07",
                "members": [
                    
                ]
            },
            {
                "id": 15174,
                "name": "Wooden Spoon3211112459",
                "members": [
                    
                ]
            },
            {
                "id": 17345,
                "name": "Legends43",
                "members": [
                    
                ]
            },
            {
                "id": 17348,
                "name": "Legends62",
                "members": [
                    
                ]
            },
            {
                "id": 15218,
                "name": "Wooden Spoonf233453",
                "members": [
                    
                ]
            },
            {
                "id": 15219,
                "name": "TuneSquad",
                "members": [
                    
                ]
            },
            {
                "id": 14936,
                "name": "Wooden Spoon2234",
                "members": [
                    
                ]
            },
            {
                "id": 14938,
                "name": "Wooden Spoon3",
                "members": [
                    
                ]
            },
            {
                "id": 14943,
                "name": "AksiniiaTeam",
                "members": [
                    
                ]
            },
            {
                "id": 14965,
                "name": "Wooden Spoon56565656565",
                "members": [
                    
                ]
            },
            {
                "id": 14968,
                "name": "Wooden Spoon01",
                "members": [
                    
                ]
            },
            {
                "id": 14974,
                "name": "Wooden Spoon34",
                "members": [
                    
                ]
            },
            {
                "id": 14975,
                "name": "Wooden Spoon32156870",
                "members": [
                    
                ]
            },
            {
                "id": 14982,
                "name": "Wooden Spoon56565656n565",
                "members": [
                    
                ]
            },
            {
                "id": 14989,
                "name": "AksiniiaTeam001",
                "members": [
                    
                ]
            },
            {
                "id": 14993,
                "name": "Wooden Spoon 24",
                "members": [
                    
                ]
            },
            {
                "id": 15227,
                "name": "Wooden Spoon3215ss9",
                "members": [
                    
                ]
            },
            {
                "id": 15002,
                "name": "Wooden Spoon14992",
                "members": [
                    
                ]
            },
            {
                "id": 15010,
                "name": "Wooden Spoon56565656np565",
                "members": [
                    
                ]
            },
            {
                "id": 15099,
                "name": "Wooden Spoon1sasgh7",
                "members": [
                    
                ]
            },
            {
                "id": 15230,
                "name": "Wooden Spoon18041986",
                "members": [
                    
                ]
            },
            {
                "id": 15128,
                "name": "Wooden Spoon37787",
                "members": [
                    
                ]
            },
            {
                "id": 15136,
                "name": "Wooden Spoon2811",
                "members": [
                    
                ]
            },
            {
                "id": 15137,
                "name": "Wooden Spoon1905",
                "members": [
                    
                ]
            },
            {
                "id": 15138,
                "name": "Wooden Spoon56565656npj565556g",
                "members": [
                    
                ]
            },
            {
                "id": 15147,
                "name": "LeagueOfNations!",
                "members": [
                    
                ]
            },
            {
                "id": 15237,
                "name": "Wooden Spoons1986",
                "members": [
                    
                ]
            },
            {
                "id": 15150,
                "name": "Wooden Spoon45436547567",
                "members": [
                    
                ]
            },
            {
                "id": 15238,
                "name": "Wooden Spoons1989",
                "members": [
                    
                ]
            },
            {
                "id": 15240,
                "name": "Wooden Spoons1998",
                "members": [
                    
                ]
            },
            {
                "id": 16446,
                "name": "Markiz151",
                "members": [
                    
                ]
            },
            {
                "id": 15243,
                "name": "Wooden Spoon32156877777777000011",
                "members": [
                    
                ]
            },
            {
                "id": 15245,
                "name": "Wooden Spoon123",
                "members": [
                    
                ]
            },
            {
                "id": 15250,
                "name": "Spoon67676",
                "members": [
                    
                ]
            },
            {
                "id": 15253,
                "name": "Wooden Spoon32159999",
                "members": [
                    
                ]
            },
            {
                "id": 15254,
                "name": "Wooden Spoon321898989",
                "members": [
                    
                ]
            },
            {
                "id": 15256,
                "name": "Wooden Spoon3218989709",
                "members": [
                    
                ]
            },
            {
                "id": 15257,
                "name": "Wooden Spoon0123177556",
                "members": [
                    
                ]
            },
            {
                "id": 16448,
                "name": "Markiz15125",
                "members": [
                    
                ]
            },
            {
                "id": 16451,
                "name": "Markiz151255",
                "members": [
                    
                ]
            },
            {
                "id": 15267,
                "name": "Wooden Spoon913215687",
                "members": [
                    
                ]
            },
            {
                "id": 16453,
                "name": "Markiz171265",
                "members": [
                    
                ]
            },
            {
                "id": 16455,
                "name": "Markiz291265",
                "members": [
                    
                ]
            },
            {
                "id": 16457,
                "name": "Markiz951265",
                "members": [
                    
                ]
            },
            {
                "id": 15849,
                "name": "Wooden Spoon789",
                "members": [
                    
                ]
            },
            {
                "id": 15860,
                "name": "Wooden Spoon7878",
                "members": [
                    
                ]
            },
            {
                "id": 17046,
                "name": "Legend29",
                "members": [
                    
                ]
            },
            {
                "id": 16084,
                "name": "Wooden Spoon111007",
                "members": [
                    
                ]
            },
            {
                "id": 16090,
                "name": "Wooden Spoon1122137",
                "members": [
                    
                ]
            },
            {
                "id": 17083,
                "name": "Winners10",
                "members": [
                    
                ]
            },
            {
                "id": 17089,
                "name": "Spartans108",
                "members": [
                    
                ]
            },
            {
                "id": 16125,
                "name": "Wooden Spoon7",
                "members": [
                    
                ]
            },
            {
                "id": 17100,
                "name": "Winners14",
                "members": [
                    
                ]
            },
            {
                "id": 17104,
                "name": "Winners16",
                "members": [
                    
                ]
            },
            {
                "id": 17113,
                "name": "Le7",
                "members": [
                    
                ]
            },
            {
                "id": 17123,
                "name": "Spartans222",
                "members": [
                    
                ]
            },
            {
                "id": 17151,
                "name": "Leau7",
                "members": [
                    
                ]
            },
            {
                "id": 17158,
                "name": "Lau09677",
                "members": [
                    
                ]
            },
            {
                "id": 17164,
                "name": "Legends016",
                "members": [
                    
                ]
            },
            {
                "id": 17167,
                "name": "Legends018",
                "members": [
                    
                ]
            },
            {
                "id": 17169,
                "name": "Legends020",
                "members": [
                    
                ]
            },
            {
                "id": 17183,
                "name": "Legends0251",
                "members": [
                    
                ]
            },
            {
                "id": 17202,
                "name": "Legends48",
                "members": [
                    
                ]
            },
            {
                "id": 17213,
                "name": "Legends01232",
                "members": [
                    
                ]
            },
            {
                "id": 17236,
                "name": "LGAH",
                "members": [
                    
                ]
            },
            {
                "id": 17248,
                "name": "TheyBite",
                "members": [
                    
                ]
            },
            {
                "id": 17264,
                "name": "Legends87",
                "members": [
                    
                ]
            },
            {
                "id": 17351,
                "name": "Legends63",
                "members": [
                    
                ]
            },
            {
                "id": 16162,
                "name": "Wooden SpoonForever",
                "members": [
                    
                ]
            },
            {
                "id": 16246,
                "name": "Wooden Spoon 58855",
                "members": [
                    
                ]
            },
            {
                "id": 15216,
                "name": "Wooden Spoon1saaasdf43h7",
                "members": [
                    
                ]
            },
            {
                "id": 14937,
                "name": "Wooden Spoon3215655",
                "members": [
                    
                ]
            },
            {
                "id": 14939,
                "name": "Wooden Spoon465",
                "members": [
                    
                ]
            },
            {
                "id": 14941,
                "name": "Wooden Spoon6754",
                "members": [
                    
                ]
            },
            {
                "id": 14946,
                "name": "Sharks",
                "members": [
                    
                ]
            },
            {
                "id": 15017,
                "name": "Wooden Spoon35687",
                "members": [
                    
                ]
            },
            {
                "id": 15217,
                "name": "Wooden Spoonf3453",
                "members": [
                    
                ]
            },
            {
                "id": 15033,
                "name": "Wooden Spoon2411",
                "members": [
                    
                ]
            },
            {
                "id": 15039,
                "name": "Wooden Spoon131313",
                "members": [
                    
                ]
            },
            {
                "id": 15053,
                "name": "Wooden Spoyon344",
                "members": [
                    
                ]
            },
            {
                "id": 15062,
                "name": "Wooden Spoon321123",
                "members": [
                    
                ]
            },
            {
                "id": 15072,
                "name": "Wooden Spoon327",
                "members": [
                    
                ]
            },
            {
                "id": 15076,
                "name": "Dolphins",
                "members": [
                    
                ]
            },
            {
                "id": 15078,
                "name": "Yaroslav04",
                "members": [
                    
                ]
            },
            {
                "id": 15083,
                "name": "Wooden Spoon0075146",
                "members": [
                    
                ]
            },
            {
                "id": 15103,
                "name": "Wooden Spoon0123176",
                "members": [
                    
                ]
            },
            {
                "id": 15109,
                "name": "Wooden Spoon77178",
                "members": [
                    
                ]
            },
            {
                "id": 15111,
                "name": "Wooden Spoon62 34567890",
                "members": [
                    
                ]
            },
            {
                "id": 15115,
                "name": "AksiniiaTeam011",
                "members": [
                    
                ]
            },
            {
                "id": 15122,
                "name": "Wooden Spoon1989",
                "members": [
                    
                ]
            },
            {
                "id": 15127,
                "name": "LeagueOfNation",
                "members": [
                    
                ]
            },
            {
                "id": 15129,
                "name": "Wooden Spoon50",
                "members": [
                    
                ]
            },
            {
                "id": 17369,
                "name": "Legends0256",
                "members": [
                    
                ]
            },
            {
                "id": 16447,
                "name": "Markiz1512",
                "members": [
                    
                ]
            },
            {
                "id": 16449,
                "name": "Markiz151252",
                "members": [
                    
                ]
            },
            {
                "id": 15135,
                "name": "Wooden Spoon1313",
                "members": [
                    
                ]
            },
            {
                "id": 15146,
                "name": "Wooden Spoon56565656np556g",
                "members": [
                    
                ]
            },
            {
                "id": 16452,
                "name": "Markiz151265",
                "members": [
                    
                ]
            },
            {
                "id": 16454,
                "name": "Markiz191265",
                "members": [
                    
                ]
            },
            {
                "id": 15229,
                "name": "Wooden Spoon18041987",
                "members": [
                    
                ]
            },
            {
                "id": 16456,
                "name": "Markiz251265",
                "members": [
                    
                ]
            },
            {
                "id": 16458,
                "name": "Markiz9351265",
                "members": [
                    
                ]
            },
            {
                "id": 15235,
                "name": "Wooden Spoons1988",
                "members": [
                    
                ]
            },
            {
                "id": 15236,
                "name": "Wooden Spoons1987",
                "members": [
                    
                ]
            },
            {
                "id": 17064,
                "name": "Legends06",
                "members": [
                    
                ]
            },
            {
                "id": 15248,
                "name": "Wooden Spoon011111",
                "members": [
                    
                ]
            },
            {
                "id": 15252,
                "name": "Wooden Spoon321569",
                "members": [
                    
                ]
            },
            {
                "id": 17085,
                "name": "Winners12",
                "members": [
                    
                ]
            },
            {
                "id": 17086,
                "name": "Spartans66",
                "members": [
                    
                ]
            },
            {
                "id": 17112,
                "name": "Eagles",
                "members": [
                    
                ]
            },
            {
                "id": 16065,
                "name": "Wooden Spoon124",
                "members": [
                    
                ]
            },
            {
                "id": 16081,
                "name": "Wooden Spoon32507",
                "members": [
                    
                ]
            },
            {
                "id": 16082,
                "name": "Wooden Spoon1107",
                "members": [
                    
                ]
            },
            {
                "id": 16083,
                "name": "Wooden Spoon11007",
                "members": [
                    
                ]
            },
            {
                "id": 16087,
                "name": "Wooden Spoon11137",
                "members": [
                    
                ]
            },
            {
                "id": 17115,
                "name": "Spartans626",
                "members": [
                    
                ]
            },
            {
                "id": 16126,
                "name": "Wooden Spoon7890",
                "members": [
                    
                ]
            },
            {
                "id": 16139,
                "name": "Wooden Spoon912376",
                "members": [
                    
                ]
            },
            {
                "id": 17172,
                "name": "Legends022",
                "members": [
                    
                ]
            },
            {
                "id": 17186,
                "name": "Legends0253",
                "members": [
                    
                ]
            },
            {
                "id": 17200,
                "name": "Legends47",
                "members": [
                    
                ]
            },
            {
                "id": 17220,
                "name": "JACK",
                "members": [
                    
                ]
            },
            {
                "id": 17265,
                "name": "Legends95",
                "members": [
                    
                ]
            },
            {
                "id": 17266,
                "name": "Legends96",
                "members": [
                    
                ]
            },
            {
                "id": 16250,
                "name": "Murzik",
                "members": [
                    
                ]
            },
            {
                "id": 15247,
                "name": "Wooden Spoon32156666",
                "members": [
                    
                ]
            },
            {
                "id": 14940,
                "name": "Wooden Spoon3215687",
                "members": [
                    
                ]
            },
            {
                "id": 14942,
                "name": "Wooden Spoon7878787483",
                "members": [
                    
                ]
            },
            {
                "id": 14944,
                "name": "Wooden Spoon",
                "members": [
                    
                ]
            },
            {
                "id": 14947,
                "name": "Power Ranger",
                "members": [
                    
                ]
            },
            {
                "id": 15018,
                "name": "Wooden Spoon56565656npj565",
                "members": [
                    
                ]
            },
            {
                "id": 15021,
                "name": "Wooden Spoon3287",
                "members": [
                    
                ]
            },
            {
                "id": 15029,
                "name": "Wooden Spoon838",
                "members": [
                    
                ]
            },
            {
                "id": 15036,
                "name": "Wooden Spoon123456",
                "members": [
                    
                ]
            },
            {
                "id": 15249,
                "name": "Wooden Spoon3215699",
                "members": [
                    
                ]
            },
            {
                "id": 16251,
                "name": "Markiz",
                "members": [
                    
                ]
            },
            {
                "id": 15046,
                "name": "Wooden Spoon00003",
                "members": [
                    
                ]
            },
            {
                "id": 15049,
                "name": "Wooden Spoon321568799",
                "members": [
                    
                ]
            },
            {
                "id": 15051,
                "name": "Wooden Spoon333678",
                "members": [
                    
                ]
            },
            {
                "id": 15059,
                "name": "Wooden Spoon0657",
                "members": [
                    
                ]
            },
            {
                "id": 15065,
                "name": "Wooden Spoon3215659",
                "members": [
                    
                ]
            },
            {
                "id": 15067,
                "name": "Wooden Spooon344",
                "members": [
                    
                ]
            },
            {
                "id": 15071,
                "name": "Yaroslav03",
                "members": [
                    
                ]
            },
            {
                "id": 15079,
                "name": "Dolphins1",
                "members": [
                    
                ]
            },
            {
                "id": 15084,
                "name": "Wooden Spoon8788554537",
                "members": [
                    
                ]
            },
            {
                "id": 15086,
                "name": "Wooden Spoon160282",
                "members": [
                    
                ]
            },
            {
                "id": 15152,
                "name": "Wooden Spoon Again",
                "members": [
                    
                ]
            },
            {
                "id": 15164,
                "name": "Wooden Spoon7711118",
                "members": [
                    
                ]
            },
            {
                "id": 15255,
                "name": "Wooden Spoon321898988",
                "members": [
                    
                ]
            },
            {
                "id": 16253,
                "name": "Markiz2",
                "members": [
                    
                ]
            },
            {
                "id": 16266,
                "name": "Markiz12",
                "members": [
                    
                ]
            },
            {
                "id": 15870,
                "name": "Wooden Spoon9631",
                "members": [
                    
                ]
            },
            {
                "id": 15882,
                "name": "Wooden Spoon0111116",
                "members": [
                    
                ]
            },
            {
                "id": 17359,
                "name": "SpiderMan1133",
                "members": [
                    
                ]
            },
            {
                "id": 17370,
                "name": "Legends0257",
                "members": [
                    
                ]
            },
            {
                "id": 16459,
                "name": "Wooden Spoon01111111111",
                "members": [
                    
                ]
            },
            {
                "id": 15987,
                "name": "Wooden Spoon35685",
                "members": [
                    
                ]
            },
            {
                "id": 16088,
                "name": "Wooden Spoon112137",
                "members": [
                    
                ]
            },
            {
                "id": 16133,
                "name": "Wooden Spoon170187",
                "members": [
                    
                ]
            },
            {
                "id": 16461,
                "name": "Wooden Spoon0111111111",
                "members": [
                    
                ]
            },
            {
                "id": 16463,
                "name": "Wooden Spoon01111111",
                "members": [
                    
                ]
            },
            {
                "id": 17053,
                "name": "Legends001",
                "members": [
                    
                ]
            },
            {
                "id": 17061,
                "name": "Winners1",
                "members": [
                    
                ]
            },
            {
                "id": 17074,
                "name": "Winners006",
                "members": [
                    
                ]
            },
            {
                "id": 17088,
                "name": "Spartans107",
                "members": [
                    
                ]
            },
            {
                "id": 17130,
                "name": "Teamteam12",
                "members": [
                    
                ]
            },
            {
                "id": 17157,
                "name": "Lau9677",
                "members": [
                    
                ]
            },
            {
                "id": 17188,
                "name": "LegenedsNeverDie",
                "members": [
                    
                ]
            },
            {
                "id": 17196,
                "name": "Legends23",
                "members": [
                    
                ]
            },
            {
                "id": 17209,
                "name": "Legends01",
                "members": [
                    
                ]
            },
            {
                "id": 17269,
                "name": "Legends97",
                "members": [
                    
                ]
            },
            {
                "id": 17278,
                "name": "Legends99",
                "members": [
                    
                ]
            },
            {
                "id": 15359,
                "name": "Wooden Spoon7549238",
                "members": [
                    
                ]
            },
            {
                "id": 17353,
                "name": "SpiderMan11",
                "members": [
                    
                ]
            },
            {
                "id": 17354,
                "name": "Legends114",
                "members": [
                    
                ]
            },
            {
                "id": 15742,
                "name": "Wooden Spoon1",
                "members": [
                    
                ]
            },
            {
                "id": 16252,
                "name": "Markiz1",
                "members": [
                    
                ]
            },
            {
                "id": 15766,
                "name": "Wooden Spoon9076",
                "members": [
                    
                ]
            },
            {
                "id": 15872,
                "name": "Wooden Spoon931",
                "members": [
                    
                ]
            },
            {
                "id": 15947,
                "name": "Wooden Spoon9999",
                "members": [
                    
                ]
            },
            {
                "id": 14945,
                "name": "Wooden Spoon7987",
                "members": [
                    
                ]
            },
            {
                "id": 15020,
                "name": "Team8",
                "members": [
                    
                ]
            },
            {
                "id": 15022,
                "name": "Power Ranger 123",
                "members": [
                    
                ]
            },
            {
                "id": 15025,
                "name": "Wooden Spoon356899",
                "members": [
                    
                ]
            },
            {
                "id": 15027,
                "name": "Wooden Spoon888",
                "members": [
                    
                ]
            },
            {
                "id": 15028,
                "name": "Wooden Spoon0055101",
                "members": [
                    
                ]
            },
            {
                "id": 15031,
                "name": "Wooden Spoon56565656npj56556",
                "members": [
                    
                ]
            },
            {
                "id": 15948,
                "name": "Wooden Spoon32156873",
                "members": [
                    
                ]
            },
            {
                "id": 15035,
                "name": "Wooden Spoon2434311",
                "members": [
                    
                ]
            },
            {
                "id": 15038,
                "name": "Wooden Spoon35676743456",
                "members": [
                    
                ]
            },
            {
                "id": 15044,
                "name": "Wooden Spoon014",
                "members": [
                    
                ]
            },
            {
                "id": 15056,
                "name": "Wooden Spoon1sfgg7",
                "members": [
                    
                ]
            },
            {
                "id": 15061,
                "name": "Wooden Spoon1sf4g7",
                "members": [
                    
                ]
            },
            {
                "id": 15082,
                "name": "Wooden Spoon0659",
                "members": [
                    
                ]
            },
            {
                "id": 15089,
                "name": "Wooden Spooon37644",
                "members": [
                    
                ]
            },
            {
                "id": 15963,
                "name": "Wooden Spoon924",
                "members": [
                    
                ]
            },
            {
                "id": 15973,
                "name": "Wooden Spoon3215689",
                "members": [
                    
                ]
            },
            {
                "id": 15159,
                "name": "LeagueOfNations!!!",
                "members": [
                    
                ]
            },
            {
                "id": 15161,
                "name": "Wooden Spoon77118",
                "members": [
                    
                ]
            },
            {
                "id": 15166,
                "name": "Wooden Spoon771111118",
                "members": [
                    
                ]
            },
            {
                "id": 15975,
                "name": "Wooden Spoon3225685",
                "members": [
                    
                ]
            },
            {
                "id": 16256,
                "name": "Markiz4",
                "members": [
                    
                ]
            },
            {
                "id": 16258,
                "name": "Markiz6",
                "members": [
                    
                ]
            },
            {
                "id": 16263,
                "name": "Markiz9",
                "members": [
                    
                ]
            },
            {
                "id": 17368,
                "name": "Legends0255",
                "members": [
                    
                ]
            },
            {
                "id": 16462,
                "name": "Wooden Spoon011111111",
                "members": [
                    
                ]
            },
            {
                "id": 16464,
                "name": "Wooden Spoon0111111",
                "members": [
                    
                ]
            },
            {
                "id": 17055,
                "name": "Legends1",
                "members": [
                    
                ]
            },
            {
                "id": 17105,
                "name": "Winners18",
                "members": [
                    
                ]
            },
            {
                "id": 17376,
                "name": "FooBarClub03",
                "members": [
                    
                ]
            },
            {
                "id": 17377,
                "name": "FooBarClub04",
                "members": [
                    
                ]
            },
            {
                "id": 17125,
                "name": "Spartans2222",
                "members": [
                    
                ]
            },
            {
                "id": 17154,
                "name": "Lau97",
                "members": [
                    
                ]
            },
            {
                "id": 17165,
                "name": "Legends017",
                "members": [
                    
                ]
            },
            {
                "id": 17191,
                "name": "Legends26",
                "members": [
                    
                ]
            },
            {
                "id": 17203,
                "name": "Legends22",
                "members": [
                    
                ]
            },
            {
                "id": 17214,
                "name": "Legends012323",
                "members": [
                    
                ]
            },
            {
                "id": 17241,
                "name": "Legends78",
                "members": [
                    
                ]
            },
            {
                "id": 16203,
                "name": "Wooden Spoon3210001",
                "members": [
                    
                ]
            },
            {
                "id": 16254,
                "name": "Markiz3",
                "members": [
                    
                ]
            },
            {
                "id": 16257,
                "name": "Markiz5",
                "members": [
                    
                ]
            },
            {
                "id": 17391,
                "name": "Joker",
                "members": [
                    
                ]
            },
            {
                "id": 17394,
                "name": "Thomas",
                "members": [
                    
                ]
            },
            {
                "id": 17056,
                "name": "Legends03",
                "members": [
                    
                ]
            },
            {
                "id": 14948,
                "name": "Yaroslav Team",
                "members": [
                    
                ]
            },
            {
                "id": 14949,
                "name": "Team",
                "members": [
                    
                ]
            },
            {
                "id": 14950,
                "name": "Wooden",
                "members": [
                    
                ]
            },
            {
                "id": 17133,
                "name": "Teamteam123",
                "members": [
                    
                ]
            },
            {
                "id": 15041,
                "name": "Wooden Spoon03",
                "members": [
                    
                ]
            },
            {
                "id": 15054,
                "name": "Wooden Spoon1sdfg7",
                "members": [
                    
                ]
            },
            {
                "id": 15077,
                "name": "Wooden Spoon9876",
                "members": [
                    
                ]
            },
            {
                "id": 15080,
                "name": "Wooden Spoon190555",
                "members": [
                    
                ]
            },
            {
                "id": 15087,
                "name": "Wooden Spoon9898",
                "members": [
                    
                ]
            },
            {
                "id": 15154,
                "name": "Wooden Spooness",
                "members": [
                    
                ]
            },
            {
                "id": 17170,
                "name": "Legends021",
                "members": [
                    
                ]
            },
            {
                "id": 15163,
                "name": "Wooden Spoon771118",
                "members": [
                    
                ]
            },
            {
                "id": 15951,
                "name": "Wooden Spoon32156876",
                "members": [
                    
                ]
            },
            {
                "id": 15956,
                "name": "Wooden Spoon999790",
                "members": [
                    
                ]
            },
            {
                "id": 15960,
                "name": "Wooden Spoon9997090",
                "members": [
                    
                ]
            },
            {
                "id": 17402,
                "name": "jim",
                "members": [
                    
                ]
            },
            {
                "id": 15988,
                "name": "Wooden Spoon35686",
                "members": [
                    
                ]
            },
            {
                "id": 15990,
                "name": "Wooden Spoon3568870",
                "members": [
                    
                ]
            },
            {
                "id": 17194,
                "name": "Legends25",
                "members": [
                    
                ]
            },
            {
                "id": 17199,
                "name": "Legends29",
                "members": [
                    
                ]
            },
            {
                "id": 17226,
                "name": "Legends54",
                "members": [
                    
                ]
            },
            {
                "id": 17234,
                "name": "LG",
                "members": [
                    
                ]
            },
            {
                "id": 17419,
                "name": "Joker1",
                "members": [
                    
                ]
            },
            {
                "id": 17272,
                "name": "Legends42",
                "members": [
                    
                ]
            },
            {
                "id": 17273,
                "name": "Legends98",
                "members": [
                    
                ]
            },
            {
                "id": 17420,
                "name": "Joker2",
                "members": [
                    
                ]
            },
            {
                "id": 17421,
                "name": "Joker3",
                "members": [
                    
                ]
            },
            {
                "id": 17422,
                "name": "Joker4",
                "members": [
                    
                ]
            },
            {
                "id": 17423,
                "name": "Joker6",
                "members": [
                    
                ]
            },
            {
                "id": 16216,
                "name": "Best Team",
                "members": [
                    
                ]
            },
            {
                "id": 14951,
                "name": "Wooden Spoon14945",
                "members": [
                    
                ]
            },
            {
                "id": 15024,
                "name": "Wooden Spoon3215681",
                "members": [
                    
                ]
            },
            {
                "id": 15026,
                "name": "Joker Joker1",
                "members": [
                    
                ]
            },
            {
                "id": 15043,
                "name": "Wooden Spoon93215687",
                "members": [
                    
                ]
            },
            {
                "id": 16217,
                "name": "Best Team23",
                "members": [
                    
                ]
            },
            {
                "id": 17395,
                "name": "Toto",
                "members": [
                    
                ]
            },
            {
                "id": 15052,
                "name": "Wooden Spoon0003",
                "members": [
                    
                ]
            },
            {
                "id": 15055,
                "name": "Wooden Spoon07796",
                "members": [
                    
                ]
            },
            {
                "id": 15057,
                "name": "Wooden Spoon6758",
                "members": [
                    
                ]
            },
            {
                "id": 15064,
                "name": "Yaroslav02",
                "members": [
                    
                ]
            },
            {
                "id": 15066,
                "name": "AppleCity1",
                "members": [
                    
                ]
            },
            {
                "id": 15069,
                "name": "Wooden Spoon33367",
                "members": [
                    
                ]
            },
            {
                "id": 15073,
                "name": "Wooden Spoon0123",
                "members": [
                    
                ]
            },
            {
                "id": 15075,
                "name": "Wooden Avengers 22",
                "members": [
                    
                ]
            },
            {
                "id": 15090,
                "name": "Wooden Spoonn9876",
                "members": [
                    
                ]
            },
            {
                "id": 17399,
                "name": "Tommy",
                "members": [
                    
                ]
            },
            {
                "id": 15156,
                "name": "Wooden Spoon Final",
                "members": [
                    
                ]
            },
            {
                "id": 16268,
                "name": "Markiz14",
                "members": [
                    
                ]
            },
            {
                "id": 15778,
                "name": "Wooden Spoon90111",
                "members": [
                    
                ]
            },
            {
                "id": 17424,
                "name": "Joker7",
                "members": [
                    
                ]
            },
            {
                "id": 15946,
                "name": "Wooden Spoon99999",
                "members": [
                    
                ]
            },
            {
                "id": 15952,
                "name": "Wooden Spoon32155876",
                "members": [
                    
                ]
            },
            {
                "id": 15962,
                "name": "Wooden Spoon99970090",
                "members": [
                    
                ]
            },
            {
                "id": 15989,
                "name": "Wooden Spoon356887",
                "members": [
                    
                ]
            },
            {
                "id": 17057,
                "name": "Winners",
                "members": [
                    
                ]
            },
            {
                "id": 17070,
                "name": "Winners003",
                "members": [
                    
                ]
            },
            {
                "id": 17079,
                "name": "Spartans99",
                "members": [
                    
                ]
            },
            {
                "id": 17080,
                "name": "Lege",
                "members": [
                    
                ]
            },
            {
                "id": 17092,
                "name": "Spartans101",
                "members": [
                    
                ]
            },
            {
                "id": 17108,
                "name": "Winners20",
                "members": [
                    
                ]
            },
            {
                "id": 17161,
                "name": "Legends27",
                "members": [
                    
                ]
            },
            {
                "id": 17195,
                "name": "Legends24",
                "members": [
                    
                ]
            },
            {
                "id": 17210,
                "name": "Legends02",
                "members": [
                    
                ]
            },
            {
                "id": 17227,
                "name": "Legends55",
                "members": [
                    
                ]
            },
            {
                "id": 17397,
                "name": "Toto1",
                "members": [
                    
                ]
            },
            {
                "id": 16259,
                "name": "Markiz7",
                "members": [
                    
                ]
            },
            {
                "id": 16264,
                "name": "Markiz10",
                "members": [
                    
                ]
            },
            {
                "id": 14952,
                "name": "Wooden Spoon32156877",
                "members": [
                    
                ]
            },
            {
                "id": 14953,
                "name": "Team19",
                "members": [
                    
                ]
            },
            {
                "id": 14955,
                "name": "Saikal",
                "members": [
                    
                ]
            },
            {
                "id": 14957,
                "name": "Wooden Spoon24243",
                "members": [
                    
                ]
            },
            {
                "id": 14960,
                "name": "Wooden Spoon771",
                "members": [
                    
                ]
            },
            {
                "id": 14966,
                "name": "Wooden Spoon32156",
                "members": [
                    
                ]
            },
            {
                "id": 14971,
                "name": "Wooden Spoon76",
                "members": [
                    
                ]
            },
            {
                "id": 14973,
                "name": "Wooden Spoon02",
                "members": [
                    
                ]
            },
            {
                "id": 16265,
                "name": "Markiz11",
                "members": [
                    
                ]
            },
            {
                "id": 14977,
                "name": "Wooden Spoon3215",
                "members": [
                    
                ]
            },
            {
                "id": 14981,
                "name": "Wooden Spoon12",
                "members": [
                    
                ]
            },
            {
                "id": 16360,
                "name": "Wooden Spoon365787864",
                "members": [
                    
                ]
            },
            {
                "id": 14988,
                "name": "Wooden Spoon223434",
                "members": [
                    
                ]
            },
            {
                "id": 14992,
                "name": "Wooden Spoon14951",
                "members": [
                    
                ]
            },
            {
                "id": 14994,
                "name": "Wooden Spoon67543",
                "members": [
                    
                ]
            },
            {
                "id": 15012,
                "name": "Wooden Spoon10098",
                "members": [
                    
                ]
            },
            {
                "id": 15030,
                "name": "Wooden Spoon333",
                "members": [
                    
                ]
            },
            {
                "id": 15032,
                "name": "Saikal1112",
                "members": [
                    
                ]
            },
            {
                "id": 15040,
                "name": "Wooden Spoon56565656npj56556g",
                "members": [
                    
                ]
            },
            {
                "id": 16361,
                "name": "Wooden Spoon36864",
                "members": [
                    
                ]
            },
            {
                "id": 15048,
                "name": "Wooden Spoon18fg7",
                "members": [
                    
                ]
            },
            {
                "id": 15058,
                "name": "Dolphin",
                "members": [
                    
                ]
            },
            {
                "id": 15060,
                "name": "Yaroslav01",
                "members": [
                    
                ]
            },
            {
                "id": 15063,
                "name": "Wooden Spoon0216",
                "members": [
                    
                ]
            },
            {
                "id": 15068,
                "name": "Wooden Spoon3215146",
                "members": [
                    
                ]
            },
            {
                "id": 15070,
                "name": "Wooden Spoon0055146",
                "members": [
                    
                ]
            },
            {
                "id": 15074,
                "name": "Wooden Spoon7776",
                "members": [
                    
                ]
            },
            {
                "id": 15081,
                "name": "Wooden Spoon01231",
                "members": [
                    
                ]
            },
            {
                "id": 15085,
                "name": "Wooden Spoon36564",
                "members": [
                    
                ]
            },
            {
                "id": 15088,
                "name": "Wooden Spoon07799",
                "members": [
                    
                ]
            },
            {
                "id": 15160,
                "name": "LeagueOfNations1",
                "members": [
                    
                ]
            },
            {
                "id": 15760,
                "name": "Wooden Spoon864",
                "members": [
                    
                ]
            },
            {
                "id": 16364,
                "name": "Wooden Spoon3664",
                "members": [
                    
                ]
            },
            {
                "id": 15949,
                "name": "Wooden Spoon99990",
                "members": [
                    
                ]
            },
            {
                "id": 15953,
                "name": "Wooden Spoon034",
                "members": [
                    
                ]
            },
            {
                "id": 15955,
                "name": "Wooden Spoon999990",
                "members": [
                    
                ]
            },
            {
                "id": 15959,
                "name": "Wooden Spoon024",
                "members": [
                    
                ]
            },
            {
                "id": 16365,
                "name": "Wooden Spoon3660004",
                "members": [
                    
                ]
            },
            {
                "id": 16371,
                "name": "Wooden Spoon396786674",
                "members": [
                    
                ]
            },
            {
                "id": 15974,
                "name": "Wooden Spoon3215685",
                "members": [
                    
                ]
            },
            {
                "id": 16372,
                "name": "Wooden Spoon396774",
                "members": [
                    
                ]
            },
            {
                "id": 17400,
                "name": "Jolly",
                "members": [
                    
                ]
            },
            {
                "id": 17401,
                "name": "Jolly1",
                "members": [
                    
                ]
            },
            {
                "id": 17404,
                "name": "joker",
                "members": [
                    
                ]
            },
            {
                "id": 17066,
                "name": "Winners01",
                "members": [
                    
                ]
            },
            {
                "id": 17082,
                "name": "Legew",
                "members": [
                    
                ]
            },
            {
                "id": 17106,
                "name": "Le",
                "members": [
                    
                ]
            },
            {
                "id": 17149,
                "name": "Lea7",
                "members": [
                    
                ]
            },
            {
                "id": 17204,
                "name": "Legends21",
                "members": [
                    
                ]
            },
            {
                "id": 17238,
                "name": "LGAHK",
                "members": [
                    
                ]
            },
            {
                "id": 17544,
                "name": "Legends025745",
                "members": [
                    
                ]
            },
            {
                "id": 17276,
                "name": "Legends1219",
                "members": [
                    
                ]
            },
            {
                "id": 15426,
                "name": "Wooden Spoon76738",
                "members": [
                    
                ]
            },
            {
                "id": 16219,
                "name": "Best Team111",
                "members": [
                    
                ]
            },
            {
                "id": 16220,
                "name": "Best Team112",
                "members": [
                    
                ]
            },
            {
                "id": 16261,
                "name": "Markiz8",
                "members": [
                    
                ]
            },
            {
                "id": 14954,
                "name": "Wooden Spoon32187",
                "members": [
                    
                ]
            },
            {
                "id": 14958,
                "name": "Wooden Spoon11133",
                "members": [
                    
                ]
            },
            {
                "id": 14959,
                "name": "JusticeLeague",
                "members": [
                    
                ]
            },
            {
                "id": 14963,
                "name": "BirthdayCake",
                "members": [
                    
                ]
            },
            {
                "id": 14969,
                "name": "Wooden Spoon32156879",
                "members": [
                    
                ]
            },
            {
                "id": 16267,
                "name": "Markiz13",
                "members": [
                    
                ]
            },
            {
                "id": 14983,
                "name": "AppleCity",
                "members": [
                    
                ]
            },
            {
                "id": 14990,
                "name": "Wooden Spoon325",
                "members": [
                    
                ]
            },
            {
                "id": 15000,
                "name": "Wooden Spoon35",
                "members": [
                    
                ]
            },
            {
                "id": 15014,
                "name": "Wooden Spoon7483",
                "members": [
                    
                ]
            },
            {
                "id": 15607,
                "name": "Wooden Spoon07795",
                "members": [
                    
                ]
            },
            {
                "id": 15091,
                "name": "Wooden Spoon3667564",
                "members": [
                    
                ]
            },
            {
                "id": 15096,
                "name": "LeagueOfNations",
                "members": [
                    
                ]
            },
            {
                "id": 16362,
                "name": "Wooden Spoon3684",
                "members": [
                    
                ]
            },
            {
                "id": 15101,
                "name": "Wooden Spoon07790",
                "members": [
                    
                ]
            },
            {
                "id": 16363,
                "name": "Wooden Spoon366764",
                "members": [
                    
                ]
            },
            {
                "id": 15110,
                "name": "Wooden Spoon1saaasdfh7",
                "members": [
                    
                ]
            },
            {
                "id": 15126,
                "name": "Wooden Spoon0609",
                "members": [
                    
                ]
            },
            {
                "id": 15768,
                "name": "Wooden Spoon654",
                "members": [
                    
                ]
            },
            {
                "id": 15772,
                "name": "Wooden Spoon90876",
                "members": [
                    
                ]
            },
            {
                "id": 15165,
                "name": "Wooden Spoon77111118",
                "members": [
                    
                ]
            },
            {
                "id": 15167,
                "name": "Wooden Spoon7711111118",
                "members": [
                    
                ]
            },
            {
                "id": 16366,
                "name": "Wooden Spoon3660894",
                "members": [
                    
                ]
            },
            {
                "id": 16367,
                "name": "Wooden Spoon394",
                "members": [
                    
                ]
            },
            {
                "id": 17696,
                "name": "Legends64",
                "members": [
                    
                ]
            },
            {
                "id": 16370,
                "name": "Wooden Spoon39678678674",
                "members": [
                    
                ]
            },
            {
                "id": 16374,
                "name": "Wooden Spoon3966767574",
                "members": [
                    
                ]
            },
            {
                "id": 16664,
                "name": "Legends",
                "members": [
                    
                ]
            },
            {
                "id": 17069,
                "name": "Winners002",
                "members": [
                    
                ]
            },
            {
                "id": 17076,
                "name": "Winners008",
                "members": [
                    
                ]
            },
            {
                "id": 17081,
                "name": "Spartans999",
                "members": [
                    
                ]
            },
            {
                "id": 17084,
                "name": "Spartans19",
                "members": [
                    
                ]
            },
            {
                "id": 17179,
                "name": "Legends023",
                "members": [
                    
                ]
            },
            {
                "id": 17216,
                "name": "Legends010203",
                "members": [
                    
                ]
            },
            {
                "id": 17219,
                "name": "Legends012323123",
                "members": [
                    
                ]
            },
            {
                "id": 17279,
                "name": "Legends129",
                "members": [
                    
                ]
            },
            {
                "id": 17280,
                "name": "Legends12",
                "members": [
                    
                ]
            },
            {
                "id": 17281,
                "name": "Legends91",
                "members": [
                    
                ]
            },
            {
                "id": 17282,
                "name": "Legends127",
                "members": [
                    
                ]
            },
            {
                "id": 17287,
                "name": "Legends46",
                "members": [
                    
                ]
            },
            {
                "id": 17296,
                "name": "Legends44",
                "members": [
                    
                ]
            },
            {
                "id": 17299,
                "name": "Legends103",
                "members": [
                    
                ]
            },
            {
                "id": 17306,
                "name": "Legends77",
                "members": [
                    
                ]
            },
            {
                "id": 17308,
                "name": "Legends79",
                "members": [
                    
                ]
            },
            {
                "id": 17309,
                "name": "Legends93",
                "members": [
                    
                ]
            },
            {
                "id": 17311,
                "name": "Legends94",
                "members": [
                    
                ]
            },
            {
                "id": 17313,
                "name": "Legends52",
                "members": [
                    
                ]
            },
            {
                "id": 17319,
                "name": "Legends66",
                "members": [
                    
                ]
            },
            {
                "id": 17320,
                "name": "Legends67",
                "members": [
                    
                ]
            },
            {
                "id": 17321,
                "name": "Legends68",
                "members": [
                    
                ]
            },
            {
                "id": 17323,
                "name": "Legends11",
                "members": [
                    
                ]
            },
            {
                "id": 17324,
                "name": "Legendary12",
                "members": [
                    
                ]
            },
            {
                "id": 17325,
                "name": "Legendary11",
                "members": [
                    
                ]
            },
            {
                "id": 17326,
                "name": "Legendary10",
                "members": [
                    
                ]
            },
            {
                "id": 17327,
                "name": "Legendary09",
                "members": [
                    
                ]
            },
            {
                "id": 17328,
                "name": "Legendary08",
                "members": [
                    
                ]
            },
            {
                "id": 17334,
                "name": "Ankara06",
                "members": [
                    
                ]
            },
            {
                "id": 17335,
                "name": "JokerTeam",
                "members": [
                    
                ]
            },
            {
                "id": 15791,
                "name": "Wooden Spoon32445",
                "members": [
                    
                ]
            },
            {
                "id": 15795,
                "name": "Wooden Spoon324112",
                "members": [
                    
                ]
            },
            {
                "id": 15811,
                "name": "Wooden Spoon34532",
                "members": [
                    
                ]
            },
            {
                "id": 14956,
                "name": "Wooden Spoon321568",
                "members": [
                    
                ]
            },
            {
                "id": 14962,
                "name": "Yaroslav",
                "members": [
                    
                ]
            },
            {
                "id": 16375,
                "name": "Wooden Spoon00234",
                "members": [
                    
                ]
            },
            {
                "id": 15009,
                "name": "Wooden Spoon344",
                "members": [
                    
                ]
            },
            {
                "id": 15011,
                "name": "Wooden Spoon3567674w56",
                "members": [
                    
                ]
            },
            {
                "id": 15092,
                "name": "Wooden Spoon012314",
                "members": [
                    
                ]
            },
            {
                "id": 15093,
                "name": "Wooden Spoon00987",
                "members": [
                    
                ]
            },
            {
                "id": 15855,
                "name": "Wooden Spoon7887",
                "members": [
                    
                ]
            },
            {
                "id": 15121,
                "name": "Wooden Spoon0123176a",
                "members": [
                    
                ]
            },
            {
                "id": 16376,
                "name": "Wooden Spoon004",
                "members": [
                    
                ]
            },
            {
                "id": 15140,
                "name": "Wooden Spoon000000222",
                "members": [
                    
                ]
            },
            {
                "id": 15141,
                "name": "LeagueOfNation's",
                "members": [
                    
                ]
            },
            {
                "id": 16055,
                "name": "TresAmigo",
                "members": [
                    
                ]
            },
            {
                "id": 16123,
                "name": "Wooden Spoon78999",
                "members": [
                    
                ]
            },
            {
                "id": 16137,
                "name": "Wooden Spoon0123876",
                "members": [
                    
                ]
            },
            {
                "id": 16428,
                "name": "Tahtacilar05",
                "members": [
                    
                ]
            },
            {
                "id": 17071,
                "name": "Winners004",
                "members": [
                    
                ]
            },
            {
                "id": 17087,
                "name": "Spartans100",
                "members": [
                    
                ]
            },
            {
                "id": 17090,
                "name": "Spartans109",
                "members": [
                    
                ]
            },
            {
                "id": 17102,
                "name": "Winners15",
                "members": [
                    
                ]
            },
            {
                "id": 17180,
                "name": "Legends024",
                "members": [
                    
                ]
            },
            {
                "id": 17190,
                "name": "LegenedsNeverDie02",
                "members": [
                    
                ]
            },
            {
                "id": 17212,
                "name": "Legends0123",
                "members": [
                    
                ]
            },
            {
                "id": 17224,
                "name": "Legends34",
                "members": [
                    
                ]
            },
            {
                "id": 17228,
                "name": "Legends56",
                "members": [
                    
                ]
            },
            {
                "id": 17253,
                "name": "TeaForTwo",
                "members": [
                    
                ]
            },
            {
                "id": 17303,
                "name": "Legends71",
                "members": [
                    
                ]
            },
            {
                "id": 17305,
                "name": "Legends73",
                "members": [
                    
                ]
            },
            {
                "id": 17312,
                "name": "Legends58",
                "members": [
                    
                ]
            },
            {
                "id": 17314,
                "name": "Legends10",
                "members": [
                    
                ]
            },
            {
                "id": 17317,
                "name": "Legends17",
                "members": [
                    
                ]
            },
            {
                "id": 17318,
                "name": "Legends18",
                "members": [
                    
                ]
            },
            {
                "id": 17333,
                "name": "Legendary06",
                "members": [
                    
                ]
            }
        ]
    },
    {
        "number": 69,
        "isGraduated": false,
        "teams": [
            {
                "id": 15180,
                "name": "GibonniMajstor",
                "members": [
                    
                ]
            },
            {
                "id": 15188,
                "name": "GibonniMajstor13",
                "members": [
                    
                ]
            },
            {
                "id": 15190,
                "name": "GibonniMajstor69",
                "members": [
                    
                ]
            },
            {
                "id": 15194,
                "name": "GibonniMajstor67",
                "members": [
                    
                ]
            },
            {
                "id": 15198,
                "name": "GibonniMajstor6722",
                "members": [
                    
                ]
            },
            {
                "id": 15199,
                "name": "GibonniMajstor722",
                "members": [
                    
                ]
            },
            {
                "id": 15200,
                "name": "GibonniMajstor23722",
                "members": [
                    
                ]
            },
            {
                "id": 15197,
                "name": "GibonniMajstor672",
                "members": [
                    
                ]
            },
            {
                "id": 17217,
                "name": "Dummies",
                "members": [
                    
                ]
            }
        ]
    },
    {
        "number": 28,
        "isGraduated": false,
        "teams": [
            {
                "id": 16130,
                "name": "Wooden Spoon1",
                "members": [
                    
                ]
            },
            {
                "id": 16118,
                "name": "Wooden Spoon008",
                "members": [
                    
                ]
            },
            {
                "id": 17365,
                "name": "Legends27",
                "members": [
                    
                ]
            },
            {
                "id": 16121,
                "name": "Wooden Spoon3535",
                "members": [
                    
                ]
            },
            {
                "id": 16131,
                "name": "Wooden Spoon00",
                "members": [
                    
                ]
            },
            {
                "id": 16120,
                "name": "Wooden Spoon010",
                "members": [
                    
                ]
            },
            {
                "id": 16124,
                "name": "Wooden Spoon3536",
                "members": [
                    
                ]
            },
            {
                "id": 16128,
                "name": "Wooden Spoon1000",
                "members": [
                    
                ]
            }
        ]
    },
    {
        "number": 27,
        "isGraduated": false,
        "teams": [
            {
                "id": 17366,
                "name": "Legends27",
                "members": [
                    
                ]
            },
            {
                "id": 16262,
                "name": "Markiz8",
                "members": [
                    
                ]
            },
            {
                "id": 17416,
                "name": "Legendsj227",
                "members": [
                    
                ]
            },
            {
                "id": 17178,
                "name": "bla",
                "members": [
                    
                ]
            },
            {
                "id": 17229,
                "name": "Legends03",
                "members": [
                    
                ]
            },
            {
                "id": 17295,
                "name": "Sky-Blue",
                "members": [
                    
                ]
            },
            {
                "id": 17297,
                "name": "Sky-Blue01",
                "members": [
                    
                ]
            }
        ]
    },
    {
        "number": 15,
        "isGraduated": false,
        "teams": [
            
        ]
    }
]
Actual value: [200]
Expected value: [200]
Assertion of 200 vs 200 is successful
Nukes
House
Dummies
Seattle
Aracelis
Gleichner
Eusebia
Schimmel
Olamide
Glover
Olamide
Murray
Abel
Steuber
Olamide
Jacobson
Katrina
Rodriguez
Ebonie
Ratke
Terrilyn
Dare
Madeleine
Beier
Fae
Little
Wendie
Donnelly
Olamide
Abiola
Olamide
Abiola
HEBELEHUBELE
Jonaaaaaa
Olamide
Abiola
Olamide
Abiola
Olamideee
Tremblay
Olamide
Bins
Olamide
Abiola
Ally
Layne
]]></system-out>
    <system-err><![CDATA[Starting ChromeDriver 110.0.5481.77 (65ed616c6e8ee3fe0ad64fe83796c020644d42af-refs/branch-heads/5481@{#839}) on port 45357
Only local connections are allowed.
Please see https://chromedriver.chromium.org/security-considerations for suggestions on keeping ChromeDriver safe.
ChromeDriver was started successfully.
[1678077306.584][WARNING]: virtual void DevToolsClientImpl::AddListener(DevToolsEventListener *) subscribing a listener to the already connected DevToolsClient. Connection notification will not arrive.
Mar 05, 2023 11:35:06 PM org.openqa.selenium.devtools.CdpVersionFinder findNearestMatch
WARNING: Unable to find an exact match for CDP version 110, so returning the closest version found: 109
]]></system-err>
  </testcase>
</testsuite>